{"/home/travis/build/npmtest/node-npmtest-lacona/test.js":{"path":"/home/travis/build/npmtest/node-npmtest-lacona/test.js","s":{"1":2,"2":2,"3":2,"4":2,"5":2,"6":2,"7":2,"8":1,"9":2,"10":2,"11":1,"12":1,"13":1,"14":1,"15":2,"16":2,"17":2,"18":2,"19":1,"20":1,"21":2,"22":2,"23":2,"24":1,"25":1,"26":1,"27":1,"28":1,"29":1,"30":1,"31":1,"32":1,"33":1,"34":1,"35":1,"36":1,"37":1,"38":1,"39":2,"40":2,"41":1,"42":2,"43":2,"44":1,"45":2,"46":2,"47":1,"48":2,"49":2,"50":1,"51":1,"52":1,"53":1,"54":1},"b":{"1":[2,1,1,1],"2":[1,1,1,1],"3":[1,1],"4":[1,1],"5":[1,1],"6":[1,1],"7":[1,1],"8":[1,1],"9":[1,1],"10":[1,1,1],"11":[1,1],"12":[1,1],"13":[1,1],"14":[1,1],"15":[1,1],"16":[1,1],"17":[1,1]},"f":{"1":2,"2":2,"3":2,"4":2,"5":2,"6":1,"7":1,"8":1,"9":2,"10":2,"11":2,"12":2,"13":1},"fnMap":{"1":{"name":"(anonymous_1)","line":12,"loc":{"start":{"line":12,"column":1},"end":{"line":12,"column":13}}},"2":{"name":"(anonymous_2)","line":19,"loc":{"start":{"line":19,"column":5},"end":{"line":19,"column":17}}},"3":{"name":"(anonymous_3)","line":23,"loc":{"start":{"line":23,"column":24},"end":{"line":23,"column":36}}},"4":{"name":"(anonymous_4)","line":61,"loc":{"start":{"line":61,"column":5},"end":{"line":61,"column":17}}},"5":{"name":"(anonymous_5)","line":82,"loc":{"start":{"line":82,"column":5},"end":{"line":82,"column":17}}},"6":{"name":"(anonymous_6)","line":91,"loc":{"start":{"line":91,"column":77},"end":{"line":94,"column":10}}},"7":{"name":"(anonymous_7)","line":112,"loc":{"start":{"line":112,"column":83},"end":{"line":115,"column":10}},"skip":true},"8":{"name":"(anonymous_8)","line":123,"loc":{"start":{"line":123,"column":77},"end":{"line":126,"column":10}},"skip":true},"9":{"name":"(anonymous_9)","line":139,"loc":{"start":{"line":139,"column":12},"end":{"line":139,"column":40}},"skip":true},"10":{"name":"(anonymous_10)","line":147,"loc":{"start":{"line":147,"column":77},"end":{"line":150,"column":10}},"skip":true},"11":{"name":"(anonymous_11)","line":158,"loc":{"start":{"line":158,"column":83},"end":{"line":161,"column":10}},"skip":true},"12":{"name":"(anonymous_12)","line":169,"loc":{"start":{"line":169,"column":79},"end":{"line":172,"column":10}},"skip":true},"13":{"name":"(anonymous_13)","line":180,"loc":{"start":{"line":180,"column":75},"end":{"line":183,"column":10}},"skip":true}},"statementMap":{"1":{"start":{"line":12,"column":0},"end":{"line":195,"column":5}},"2":{"start":{"line":14,"column":4},"end":{"line":14,"column":14}},"3":{"start":{"line":19,"column":4},"end":{"line":56,"column":9}},"4":{"start":{"line":21,"column":8},"end":{"line":21,"column":19}},"5":{"start":{"line":23,"column":8},"end":{"line":35,"column":13}},"6":{"start":{"line":24,"column":12},"end":{"line":34,"column":13}},"7":{"start":{"line":25,"column":16},"end":{"line":28,"column":30}},"8":{"start":{"line":30,"column":16},"end":{"line":33,"column":27}},"9":{"start":{"line":37,"column":8},"end":{"line":39,"column":21}},"10":{"start":{"line":40,"column":8},"end":{"line":53,"column":9}},"11":{"start":{"line":43,"column":12},"end":{"line":46,"column":14}},"12":{"start":{"line":47,"column":12},"end":{"line":47,"column":18}},"13":{"start":{"line":50,"column":12},"end":{"line":51,"column":33}},"14":{"start":{"line":52,"column":12},"end":{"line":52,"column":18}},"15":{"start":{"line":55,"column":8},"end":{"line":55,"column":35}},"16":{"start":{"line":61,"column":4},"end":{"line":63,"column":9}},"17":{"start":{"line":62,"column":8},"end":{"line":62,"column":15}},"18":{"start":{"line":64,"column":4},"end":{"line":77,"column":5}},"19":{"start":{"line":70,"column":8},"end":{"line":70,"column":14}},"20":{"start":{"line":76,"column":8},"end":{"line":76,"column":14}},"21":{"start":{"line":82,"column":4},"end":{"line":84,"column":9}},"22":{"start":{"line":83,"column":8},"end":{"line":83,"column":15}},"23":{"start":{"line":85,"column":4},"end":{"line":194,"column":5}},"24":{"start":{"line":91,"column":8},"end":{"line":99,"column":10}},"25":{"start":{"line":98,"column":12},"end":{"line":98,"column":35}},"26":{"start":{"line":102,"column":8},"end":{"line":104,"column":63}},"27":{"start":{"line":105,"column":8},"end":{"line":105,"column":14}},"28":{"start":{"line":112,"column":8},"end":{"line":121,"column":10},"skip":true},"29":{"start":{"line":119,"column":12},"end":{"line":119,"column":55},"skip":true},"30":{"start":{"line":120,"column":12},"end":{"line":120,"column":48},"skip":true},"31":{"start":{"line":123,"column":8},"end":{"line":136,"column":10},"skip":true},"32":{"start":{"line":130,"column":12},"end":{"line":130,"column":76},"skip":true},"33":{"start":{"line":131,"column":12},"end":{"line":131,"column":73},"skip":true},"34":{"start":{"line":132,"column":12},"end":{"line":132,"column":74},"skip":true},"35":{"start":{"line":133,"column":12},"end":{"line":133,"column":79},"skip":true},"36":{"start":{"line":134,"column":12},"end":{"line":134,"column":25},"skip":true},"37":{"start":{"line":135,"column":12},"end":{"line":135,"column":45},"skip":true},"38":{"start":{"line":138,"column":8},"end":{"line":145,"column":14},"skip":true},"39":{"start":{"line":143,"column":16},"end":{"line":143,"column":29},"skip":true},"40":{"start":{"line":144,"column":16},"end":{"line":144,"column":55},"skip":true},"41":{"start":{"line":147,"column":8},"end":{"line":156,"column":10},"skip":true},"42":{"start":{"line":154,"column":12},"end":{"line":154,"column":25},"skip":true},"43":{"start":{"line":155,"column":12},"end":{"line":155,"column":45},"skip":true},"44":{"start":{"line":158,"column":8},"end":{"line":167,"column":10},"skip":true},"45":{"start":{"line":165,"column":12},"end":{"line":165,"column":25},"skip":true},"46":{"start":{"line":166,"column":12},"end":{"line":166,"column":48},"skip":true},"47":{"start":{"line":169,"column":8},"end":{"line":178,"column":10},"skip":true},"48":{"start":{"line":176,"column":12},"end":{"line":176,"column":25},"skip":true},"49":{"start":{"line":177,"column":12},"end":{"line":177,"column":46},"skip":true},"50":{"start":{"line":180,"column":8},"end":{"line":189,"column":10},"skip":true},"51":{"start":{"line":187,"column":12},"end":{"line":187,"column":94},"skip":true},"52":{"start":{"line":188,"column":12},"end":{"line":188,"column":48},"skip":true},"53":{"start":{"line":192,"column":8},"end":{"line":192,"column":35},"skip":true},"54":{"start":{"line":193,"column":8},"end":{"line":193,"column":14},"skip":true}},"branchMap":{"1":{"line":25,"type":"binary-expr","locations":[{"start":{"line":25,"column":23},"end":{"line":25,"column":62}},{"start":{"line":26,"column":20},"end":{"line":26,"column":70}},{"start":{"line":27,"column":20},"end":{"line":27,"column":71}},{"start":{"line":28,"column":20},"end":{"line":28,"column":29}}]},"2":{"line":30,"type":"binary-expr","locations":[{"start":{"line":30,"column":23},"end":{"line":30,"column":37}},{"start":{"line":31,"column":20},"end":{"line":31,"column":61}},{"start":{"line":32,"column":20},"end":{"line":32,"column":70}},{"start":{"line":33,"column":20},"end":{"line":33,"column":26}}]},"3":{"line":37,"type":"cond-expr","locations":[{"start":{"line":38,"column":14},"end":{"line":38,"column":20}},{"start":{"line":39,"column":14},"end":{"line":39,"column":20}}]},"4":{"line":40,"type":"switch","locations":[{"start":{"line":42,"column":8},"end":{"line":47,"column":18}},{"start":{"line":49,"column":8},"end":{"line":52,"column":18}}]},"5":{"line":44,"type":"binary-expr","locations":[{"start":{"line":44,"column":16},"end":{"line":44,"column":44}},{"start":{"line":44,"column":48},"end":{"line":44,"column":66}}]},"6":{"line":50,"type":"binary-expr","locations":[{"start":{"line":50,"column":21},"end":{"line":50,"column":49}},{"start":{"line":50,"column":53},"end":{"line":50,"column":72}}]},"7":{"line":64,"type":"switch","locations":[{"start":{"line":69,"column":4},"end":{"line":70,"column":14}},{"start":{"line":75,"column":4},"end":{"line":76,"column":14}}]},"8":{"line":85,"type":"switch","locations":[{"start":{"line":90,"column":4},"end":{"line":105,"column":14}},{"start":{"line":111,"column":4},"end":{"line":193,"column":14},"skip":true}]},"9":{"line":91,"type":"binary-expr","locations":[{"start":{"line":91,"column":42},"end":{"line":91,"column":73}},{"start":{"line":91,"column":77},"end":{"line":99,"column":9}}]},"10":{"line":102,"type":"binary-expr","locations":[{"start":{"line":102,"column":18},"end":{"line":102,"column":32}},{"start":{"line":103,"column":12},"end":{"line":103,"column":53}},{"start":{"line":104,"column":12},"end":{"line":104,"column":61}}]},"11":{"line":112,"type":"binary-expr","locations":[{"start":{"line":112,"column":45},"end":{"line":112,"column":79},"skip":true},{"start":{"line":112,"column":83},"end":{"line":121,"column":9},"skip":true}]},"12":{"line":123,"type":"binary-expr","locations":[{"start":{"line":123,"column":42},"end":{"line":123,"column":73},"skip":true},{"start":{"line":123,"column":77},"end":{"line":136,"column":9},"skip":true}]},"13":{"line":138,"type":"binary-expr","locations":[{"start":{"line":138,"column":48},"end":{"line":138,"column":85},"skip":true},{"start":{"line":139,"column":12},"end":{"line":145,"column":13},"skip":true}]},"14":{"line":147,"type":"binary-expr","locations":[{"start":{"line":147,"column":42},"end":{"line":147,"column":73},"skip":true},{"start":{"line":147,"column":77},"end":{"line":156,"column":9},"skip":true}]},"15":{"line":158,"type":"binary-expr","locations":[{"start":{"line":158,"column":45},"end":{"line":158,"column":79},"skip":true},{"start":{"line":158,"column":83},"end":{"line":167,"column":9},"skip":true}]},"16":{"line":169,"type":"binary-expr","locations":[{"start":{"line":169,"column":43},"end":{"line":169,"column":75},"skip":true},{"start":{"line":169,"column":79},"end":{"line":178,"column":9},"skip":true}]},"17":{"line":180,"type":"binary-expr","locations":[{"start":{"line":180,"column":41},"end":{"line":180,"column":71},"skip":true},{"start":{"line":180,"column":75},"end":{"line":189,"column":9},"skip":true}]}},"code":["/* istanbul instrument in package npmtest_lacona */","/*jslint","    bitwise: true,","    browser: true,","    maxerr: 8,","    maxlen: 96,","    node: true,","    nomen: true,","    regexp: true,","    stupid: true","*/","(function () {","    'use strict';","    var local;","","","","    // run shared js-env code - init-before","    (function () {","        // init local","        local = {};","        // init modeJs","        local.modeJs = (function () {","            try {","                return typeof navigator.userAgent === 'string' &&","                    typeof document.querySelector('body') === 'object' &&","                    typeof XMLHttpRequest.prototype.open === 'function' &&","                    'browser';","            } catch (errorCaughtBrowser) {","                return module.exports &&","                    typeof process.versions.node === 'string' &&","                    typeof require('http').createServer === 'function' &&","                    'node';","            }","        }());","        // init global","        local.global = local.modeJs === 'browser'","            ? window","            : global;","        switch (local.modeJs) {","        // re-init local from window.local","        case 'browser':","            local = local.global.utility2.objectSetDefault(","                local.global.utility2_rollup || local.global.local,","                local.global.utility2","            );","            break;","        // re-init local from example.js","        case 'node':","            local = (local.global.utility2_rollup || require('utility2'))","                .requireReadme();","            break;","        }","        // export local","        local.global.local = local;","    }());","","","","    // run shared js-env code - function","    (function () {","        return;","    }());","    switch (local.modeJs) {","","","","    // run browser js-env code - function","    case 'browser':","        break;","","","","    // run node js-env code - function","    case 'node':","        break;","    }","","","","    // run shared js-env code - init-after","    (function () {","        return;","    }());","    switch (local.modeJs) {","","","","    // run browser js-env code - init-after","    case 'browser':","        local.testCase_browser_nullCase = local.testCase_browser_nullCase || function (","            options,","            onError","        ) {","        /*","         * this function will test browsers's null-case handling-behavior-behavior","         */","            onError(null, options);","        };","","        // run tests","        local.nop(local.modeTest &&","            document.querySelector('#testRunButton1') &&","            document.querySelector('#testRunButton1').click());","        break;","","","","    // run node js-env code - init-after","    /* istanbul ignore next */","    case 'node':","        local.testCase_buildApidoc_default = local.testCase_buildApidoc_default || function (","            options,","            onError","        ) {","        /*","         * this function will test buildApidoc's default handling-behavior-behavior","         */","            options = { modulePathList: module.paths };","            local.buildApidoc(options, onError);","        };","","        local.testCase_buildApp_default = local.testCase_buildApp_default || function (","            options,","            onError","        ) {","        /*","         * this function will test buildApp's default handling-behavior-behavior","         */","            local.testCase_buildReadme_default(options, local.onErrorThrow);","            local.testCase_buildLib_default(options, local.onErrorThrow);","            local.testCase_buildTest_default(options, local.onErrorThrow);","            local.testCase_buildCustomOrg_default(options, local.onErrorThrow);","            options = [];","            local.buildApp(options, onError);","        };","","        local.testCase_buildCustomOrg_default = local.testCase_buildCustomOrg_default ||","            function (options, onError) {","            /*","             * this function will test buildCustomOrg's default handling-behavior","             */","                options = {};","                local.buildCustomOrg(options, onError);","            };","","        local.testCase_buildLib_default = local.testCase_buildLib_default || function (","            options,","            onError","        ) {","        /*","         * this function will test buildLib's default handling-behavior","         */","            options = {};","            local.buildLib(options, onError);","        };","","        local.testCase_buildReadme_default = local.testCase_buildReadme_default || function (","            options,","            onError","        ) {","        /*","         * this function will test buildReadme's default handling-behavior-behavior","         */","            options = {};","            local.buildReadme(options, onError);","        };","","        local.testCase_buildTest_default = local.testCase_buildTest_default || function (","            options,","            onError","        ) {","        /*","         * this function will test buildTest's default handling-behavior","         */","            options = {};","            local.buildTest(options, onError);","        };","","        local.testCase_webpage_default = local.testCase_webpage_default || function (","            options,","            onError","        ) {","        /*","         * this function will test webpage's default handling-behavior","         */","            options = { modeCoverageMerge: true, url: local.serverLocalHost + '?modeTest=1' };","            local.browserTest(options, onError);","        };","","        // run test-server","        local.testRunServer(local);","        break;","    }","}());",""],"l":{"12":2,"14":2,"19":2,"21":2,"23":2,"24":2,"25":2,"30":1,"37":2,"40":2,"43":1,"47":1,"50":1,"52":1,"55":2,"61":2,"62":2,"64":2,"70":1,"76":1,"82":2,"83":2,"85":2,"91":1,"98":1,"102":1,"105":1,"112":1,"119":1,"120":1,"123":1,"130":1,"131":1,"132":1,"133":1,"134":1,"135":1,"138":1,"143":2,"144":2,"147":1,"154":2,"155":2,"158":1,"165":2,"166":2,"169":1,"176":2,"177":2,"180":1,"187":1,"188":1,"192":1,"193":1}},"/home/travis/build/npmtest/node-npmtest-lacona/lib.npmtest_lacona.js":{"path":"/home/travis/build/npmtest/node-npmtest-lacona/lib.npmtest_lacona.js","s":{"1":2,"2":2,"3":2,"4":2,"5":2,"6":2,"7":2,"8":1,"9":2,"10":2,"11":2,"12":2,"13":1,"14":1,"15":1,"16":1},"b":{"1":[2,1,1,1],"2":[1,1,1,1],"3":[1,1],"4":[2,2],"5":[1,1]},"f":{"1":2,"2":2,"3":2},"fnMap":{"1":{"name":"(anonymous_1)","line":12,"loc":{"start":{"line":12,"column":1},"end":{"line":12,"column":13}}},"2":{"name":"(anonymous_2)","line":19,"loc":{"start":{"line":19,"column":5},"end":{"line":19,"column":17}}},"3":{"name":"(anonymous_3)","line":23,"loc":{"start":{"line":23,"column":24},"end":{"line":23,"column":36}}}},"statementMap":{"1":{"start":{"line":12,"column":0},"end":{"line":53,"column":5}},"2":{"start":{"line":14,"column":4},"end":{"line":14,"column":14}},"3":{"start":{"line":19,"column":4},"end":{"line":52,"column":9}},"4":{"start":{"line":21,"column":8},"end":{"line":21,"column":19}},"5":{"start":{"line":23,"column":8},"end":{"line":35,"column":13}},"6":{"start":{"line":24,"column":12},"end":{"line":34,"column":13}},"7":{"start":{"line":25,"column":16},"end":{"line":28,"column":30}},"8":{"start":{"line":30,"column":16},"end":{"line":33,"column":27}},"9":{"start":{"line":37,"column":8},"end":{"line":39,"column":21}},"10":{"start":{"line":41,"column":8},"end":{"line":41,"column":54}},"11":{"start":{"line":43,"column":8},"end":{"line":43,"column":51}},"12":{"start":{"line":45,"column":8},"end":{"line":51,"column":9}},"13":{"start":{"line":46,"column":12},"end":{"line":46,"column":57}},"14":{"start":{"line":48,"column":12},"end":{"line":48,"column":35}},"15":{"start":{"line":49,"column":12},"end":{"line":49,"column":49}},"16":{"start":{"line":50,"column":12},"end":{"line":50,"column":43}}},"branchMap":{"1":{"line":25,"type":"binary-expr","locations":[{"start":{"line":25,"column":23},"end":{"line":25,"column":62}},{"start":{"line":26,"column":20},"end":{"line":26,"column":70}},{"start":{"line":27,"column":20},"end":{"line":27,"column":71}},{"start":{"line":28,"column":20},"end":{"line":28,"column":29}}]},"2":{"line":30,"type":"binary-expr","locations":[{"start":{"line":30,"column":23},"end":{"line":30,"column":37}},{"start":{"line":31,"column":20},"end":{"line":31,"column":61}},{"start":{"line":32,"column":20},"end":{"line":32,"column":70}},{"start":{"line":33,"column":20},"end":{"line":33,"column":26}}]},"3":{"line":37,"type":"cond-expr","locations":[{"start":{"line":38,"column":14},"end":{"line":38,"column":20}},{"start":{"line":39,"column":14},"end":{"line":39,"column":20}}]},"4":{"line":41,"type":"binary-expr","locations":[{"start":{"line":41,"column":16},"end":{"line":41,"column":44}},{"start":{"line":41,"column":48},"end":{"line":41,"column":53}}]},"5":{"line":45,"type":"if","locations":[{"start":{"line":45,"column":8},"end":{"line":45,"column":8}},{"start":{"line":45,"column":8},"end":{"line":45,"column":8}}]}},"code":["/* istanbul instrument in package npmtest_lacona */","/*jslint","    bitwise: true,","    browser: true,","    maxerr: 8,","    maxlen: 96,","    node: true,","    nomen: true,","    regexp: true,","    stupid: true","*/","(function () {","    'use strict';","    var local;","","","","    // run shared js-env code - init-before","    (function () {","        // init local","        local = {};","        // init modeJs","        local.modeJs = (function () {","            try {","                return typeof navigator.userAgent === 'string' &&","                    typeof document.querySelector('body') === 'object' &&","                    typeof XMLHttpRequest.prototype.open === 'function' &&","                    'browser';","            } catch (errorCaughtBrowser) {","                return module.exports &&","                    typeof process.versions.node === 'string' &&","                    typeof require('http').createServer === 'function' &&","                    'node';","            }","        }());","        // init global","        local.global = local.modeJs === 'browser'","            ? window","            : global;","        // init utility2_rollup","        local = local.global.utility2_rollup || local;","        // init lib","        local.local = local.npmtest_lacona = local;","        // init exports","        if (local.modeJs === 'browser') {","            local.global.utility2_npmtest_lacona = local;","        } else {","            module.exports = local;","            module.exports.__dirname = __dirname;","            module.exports.module = module;","        }","    }());","}());",""],"l":{"12":2,"14":2,"19":2,"21":2,"23":2,"24":2,"25":2,"30":1,"37":2,"41":2,"43":2,"45":2,"46":1,"48":1,"49":1,"50":1}},"/home/travis/build/npmtest/node-npmtest-lacona/example.js":{"path":"/home/travis/build/npmtest/node-npmtest-lacona/example.js","s":{"1":2,"2":2,"3":2,"4":2,"5":2,"6":2,"7":2,"8":1,"9":2,"10":2,"11":2,"12":2,"13":1,"14":2,"15":2,"16":2,"17":2,"18":2,"19":0,"20":2,"21":1,"22":1,"23":1,"24":1,"25":1,"26":0,"27":0,"28":1,"29":1,"30":2,"31":0,"32":0,"33":0,"34":1,"35":2,"36":2,"37":3,"38":3,"39":3,"40":3,"41":0,"42":3,"43":3,"44":3,"45":1,"46":3,"47":1,"48":1,"49":1,"50":1,"51":1,"52":1,"53":1,"54":1,"55":1,"56":1,"57":0,"58":1,"59":6,"60":6,"61":1,"62":2,"63":0,"64":2,"65":1,"66":1,"67":0,"68":0,"69":0,"70":0,"71":0,"72":0,"73":0,"74":0,"75":0,"76":0,"77":0,"78":0,"79":0,"80":0,"81":0,"82":0,"83":0},"b":{"1":[2,1,1,1],"2":[1,1,1,1],"3":[1,1],"4":[2,2],"5":[1,1],"6":[1,1],"7":[2,0],"8":[2,1,1,1,1,1],"9":[0,2,0],"10":[1,1],"11":[2,1,1],"12":[1,0],"13":[0,2],"14":[2,0,0,0,0,0,0],"15":[0,3],"16":[3,0],"17":[1,1],"18":[0,1],"19":[1,2,0,2],"20":[1,0],"21":[1,1],"22":[0,0],"23":[0,0],"24":[0,0],"25":[0,0],"26":[0,0],"27":[0,0],"28":[0,0]},"f":{"1":2,"2":2,"3":2,"4":2,"5":2,"6":2,"7":3,"8":3,"9":3,"10":1,"11":6,"12":0},"fnMap":{"1":{"name":"(anonymous_1)","line":26,"loc":{"start":{"line":26,"column":1},"end":{"line":26,"column":13}}},"2":{"name":"(anonymous_2)","line":33,"loc":{"start":{"line":33,"column":5},"end":{"line":33,"column":17}}},"3":{"name":"(anonymous_3)","line":37,"loc":{"start":{"line":37,"column":24},"end":{"line":37,"column":36}}},"4":{"name":"(anonymous_4)","line":69,"loc":{"start":{"line":69,"column":31},"end":{"line":69,"column":48}},"skip":true},"5":{"name":"(anonymous_5)","line":78,"loc":{"start":{"line":78,"column":26},"end":{"line":78,"column":45}},"skip":true},"6":{"name":"(anonymous_6)","line":123,"loc":{"start":{"line":123,"column":33},"end":{"line":123,"column":48}},"skip":true},"7":{"name":"(anonymous_7)","line":125,"loc":{"start":{"line":125,"column":27},"end":{"line":125,"column":39}},"skip":true},"8":{"name":"(anonymous_8)","line":133,"loc":{"start":{"line":133,"column":59},"end":{"line":133,"column":74}},"skip":true},"9":{"name":"(anonymous_9)","line":143,"loc":{"start":{"line":143,"column":45},"end":{"line":143,"column":62}},"skip":true},"10":{"name":"(anonymous_10)","line":144,"loc":{"start":{"line":144,"column":73},"end":{"line":144,"column":92}},"skip":true},"11":{"name":"(anonymous_11)","line":272,"loc":{"start":{"line":272,"column":51},"end":{"line":272,"column":77}},"skip":true},"12":{"name":"(anonymous_12)","line":315,"loc":{"start":{"line":315,"column":32},"end":{"line":315,"column":61}},"skip":true}},"statementMap":{"1":{"start":{"line":26,"column":0},"end":{"line":326,"column":5}},"2":{"start":{"line":28,"column":4},"end":{"line":28,"column":14}},"3":{"start":{"line":33,"column":4},"end":{"line":60,"column":9}},"4":{"start":{"line":35,"column":8},"end":{"line":35,"column":19}},"5":{"start":{"line":37,"column":8},"end":{"line":49,"column":13}},"6":{"start":{"line":38,"column":12},"end":{"line":48,"column":13}},"7":{"start":{"line":39,"column":16},"end":{"line":42,"column":30}},"8":{"start":{"line":44,"column":16},"end":{"line":47,"column":27}},"9":{"start":{"line":51,"column":8},"end":{"line":53,"column":21}},"10":{"start":{"line":55,"column":8},"end":{"line":57,"column":45}},"11":{"start":{"line":59,"column":8},"end":{"line":59,"column":35}},"12":{"start":{"line":61,"column":4},"end":{"line":325,"column":5}},"13":{"start":{"line":69,"column":8},"end":{"line":121,"column":10},"skip":true},"14":{"start":{"line":70,"column":12},"end":{"line":88,"column":13},"skip":true},"15":{"start":{"line":76,"column":16},"end":{"line":87,"column":19},"skip":true},"16":{"start":{"line":79,"column":20},"end":{"line":86,"column":21},"skip":true},"17":{"start":{"line":82,"column":24},"end":{"line":82,"column":43},"skip":true},"18":{"start":{"line":83,"column":24},"end":{"line":83,"column":30},"skip":true},"19":{"start":{"line":85,"column":24},"end":{"line":85,"column":49},"skip":true},"20":{"start":{"line":89,"column":12},"end":{"line":107,"column":13},"skip":true},"21":{"start":{"line":92,"column":16},"end":{"line":102,"column":17},"skip":true},"22":{"start":{"line":93,"column":20},"end":{"line":93,"column":86},"skip":true},"23":{"start":{"line":94,"column":20},"end":{"line":95,"column":45},"skip":true},"24":{"start":{"line":96,"column":20},"end":{"line":96,"column":42},"skip":true},"25":{"start":{"line":97,"column":20},"end":{"line":97,"column":48},"skip":true},"26":{"start":{"line":100,"column":20},"end":{"line":100,"column":85},"skip":true},"27":{"start":{"line":101,"column":20},"end":{"line":101,"column":96},"skip":true},"28":{"start":{"line":103,"column":16},"end":{"line":103,"column":22},"skip":true},"29":{"start":{"line":106,"column":16},"end":{"line":106,"column":22},"skip":true},"30":{"start":{"line":108,"column":12},"end":{"line":120,"column":13},"skip":true},"31":{"start":{"line":114,"column":16},"end":{"line":119,"column":17},"skip":true},"32":{"start":{"line":116,"column":20},"end":{"line":116,"column":78},"skip":true},"33":{"start":{"line":118,"column":20},"end":{"line":118,"column":47},"skip":true},"34":{"start":{"line":123,"column":8},"end":{"line":141,"column":11},"skip":true},"35":{"start":{"line":124,"column":12},"end":{"line":124,"column":54},"skip":true},"36":{"start":{"line":125,"column":12},"end":{"line":140,"column":14},"skip":true},"37":{"start":{"line":126,"column":16},"end":{"line":126,"column":28},"skip":true},"38":{"start":{"line":127,"column":16},"end":{"line":127,"column":69},"skip":true},"39":{"start":{"line":128,"column":16},"end":{"line":128,"column":75},"skip":true},"40":{"start":{"line":129,"column":16},"end":{"line":131,"column":17},"skip":true},"41":{"start":{"line":130,"column":20},"end":{"line":130,"column":27},"skip":true},"42":{"start":{"line":133,"column":16},"end":{"line":137,"column":36},"skip":true},"43":{"start":{"line":134,"column":20},"end":{"line":136,"column":55},"skip":true},"44":{"start":{"line":139,"column":16},"end":{"line":139,"column":57},"skip":true},"45":{"start":{"line":143,"column":8},"end":{"line":147,"column":11},"skip":true},"46":{"start":{"line":144,"column":12},"end":{"line":146,"column":15},"skip":true},"47":{"start":{"line":145,"column":16},"end":{"line":145,"column":70},"skip":true},"48":{"start":{"line":149,"column":8},"end":{"line":149,"column":31},"skip":true},"49":{"start":{"line":150,"column":8},"end":{"line":150,"column":14},"skip":true},"50":{"start":{"line":158,"column":8},"end":{"line":158,"column":31},"skip":true},"51":{"start":{"line":160,"column":8},"end":{"line":160,"column":33},"skip":true},"52":{"start":{"line":161,"column":8},"end":{"line":161,"column":37},"skip":true},"53":{"start":{"line":162,"column":8},"end":{"line":162,"column":35},"skip":true},"54":{"start":{"line":164,"column":8},"end":{"line":164,"column":50},"skip":true},"55":{"start":{"line":166,"column":8},"end":{"line":256,"column":2},"skip":true},"56":{"start":{"line":258,"column":8},"end":{"line":286,"column":9},"skip":true},"57":{"start":{"line":259,"column":12},"end":{"line":269,"column":14},"skip":true},"58":{"start":{"line":271,"column":12},"end":{"line":285,"column":19},"skip":true},"59":{"start":{"line":274,"column":20},"end":{"line":274,"column":35},"skip":true},"60":{"start":{"line":275,"column":20},"end":{"line":284,"column":21},"skip":true},"61":{"start":{"line":277,"column":24},"end":{"line":277,"column":64},"skip":true},"62":{"start":{"line":279,"column":24},"end":{"line":279,"column":40},"skip":true},"63":{"start":{"line":281,"column":24},"end":{"line":281,"column":40},"skip":true},"64":{"start":{"line":283,"column":24},"end":{"line":283,"column":39},"skip":true},"65":{"start":{"line":288,"column":8},"end":{"line":290,"column":9},"skip":true},"66":{"start":{"line":289,"column":12},"end":{"line":289,"column":18},"skip":true},"67":{"start":{"line":291,"column":8},"end":{"line":293,"column":54},"skip":true},"68":{"start":{"line":296,"column":8},"end":{"line":301,"column":37},"skip":true},"69":{"start":{"line":303,"column":8},"end":{"line":303,"column":82},"skip":true},"70":{"start":{"line":306,"column":8},"end":{"line":308,"column":9},"skip":true},"71":{"start":{"line":307,"column":12},"end":{"line":307,"column":82},"skip":true},"72":{"start":{"line":310,"column":8},"end":{"line":312,"column":9},"skip":true},"73":{"start":{"line":311,"column":12},"end":{"line":311,"column":18},"skip":true},"74":{"start":{"line":313,"column":8},"end":{"line":313,"column":54},"skip":true},"75":{"start":{"line":314,"column":8},"end":{"line":314,"column":69},"skip":true},"76":{"start":{"line":315,"column":8},"end":{"line":323,"column":36},"skip":true},"77":{"start":{"line":316,"column":12},"end":{"line":316,"column":61},"skip":true},"78":{"start":{"line":317,"column":12},"end":{"line":320,"column":13},"skip":true},"79":{"start":{"line":318,"column":16},"end":{"line":318,"column":75},"skip":true},"80":{"start":{"line":319,"column":16},"end":{"line":319,"column":23},"skip":true},"81":{"start":{"line":321,"column":12},"end":{"line":321,"column":38},"skip":true},"82":{"start":{"line":322,"column":12},"end":{"line":322,"column":27},"skip":true},"83":{"start":{"line":324,"column":8},"end":{"line":324,"column":14},"skip":true}},"branchMap":{"1":{"line":39,"type":"binary-expr","locations":[{"start":{"line":39,"column":23},"end":{"line":39,"column":62}},{"start":{"line":40,"column":20},"end":{"line":40,"column":70}},{"start":{"line":41,"column":20},"end":{"line":41,"column":71}},{"start":{"line":42,"column":20},"end":{"line":42,"column":29}}]},"2":{"line":44,"type":"binary-expr","locations":[{"start":{"line":44,"column":23},"end":{"line":44,"column":37}},{"start":{"line":45,"column":20},"end":{"line":45,"column":61}},{"start":{"line":46,"column":20},"end":{"line":46,"column":70}},{"start":{"line":47,"column":20},"end":{"line":47,"column":26}}]},"3":{"line":51,"type":"cond-expr","locations":[{"start":{"line":52,"column":14},"end":{"line":52,"column":20}},{"start":{"line":53,"column":14},"end":{"line":53,"column":20}}]},"4":{"line":55,"type":"binary-expr","locations":[{"start":{"line":55,"column":16},"end":{"line":55,"column":44}},{"start":{"line":55,"column":49},"end":{"line":57,"column":43}}]},"5":{"line":55,"type":"cond-expr","locations":[{"start":{"line":56,"column":14},"end":{"line":56,"column":50}},{"start":{"line":57,"column":14},"end":{"line":57,"column":43}}]},"6":{"line":61,"type":"switch","locations":[{"start":{"line":68,"column":4},"end":{"line":150,"column":14},"skip":true},{"start":{"line":156,"column":4},"end":{"line":324,"column":14},"skip":true}]},"7":{"line":70,"type":"if","locations":[{"start":{"line":70,"column":12},"end":{"line":70,"column":12},"skip":true},{"start":{"line":70,"column":12},"end":{"line":70,"column":12},"skip":true}]},"8":{"line":70,"type":"binary-expr","locations":[{"start":{"line":70,"column":16},"end":{"line":70,"column":22},"skip":true},{"start":{"line":70,"column":27},"end":{"line":70,"column":32},"skip":true},{"start":{"line":71,"column":20},"end":{"line":71,"column":39},"skip":true},{"start":{"line":72,"column":20},"end":{"line":72,"column":49},"skip":true},{"start":{"line":73,"column":20},"end":{"line":73,"column":58},"skip":true},{"start":{"line":74,"column":20},"end":{"line":74,"column":69},"skip":true}]},"9":{"line":79,"type":"switch","locations":[{"start":{"line":80,"column":20},"end":{"line":80,"column":33},"skip":true},{"start":{"line":81,"column":20},"end":{"line":83,"column":30},"skip":true},{"start":{"line":84,"column":20},"end":{"line":85,"column":49},"skip":true}]},"10":{"line":89,"type":"switch","locations":[{"start":{"line":90,"column":12},"end":{"line":103,"column":22},"skip":true},{"start":{"line":105,"column":12},"end":{"line":106,"column":22},"skip":true}]},"11":{"line":89,"type":"binary-expr","locations":[{"start":{"line":89,"column":20},"end":{"line":89,"column":25},"skip":true},{"start":{"line":89,"column":29},"end":{"line":89,"column":48},"skip":true},{"start":{"line":89,"column":52},"end":{"line":89,"column":74},"skip":true}]},"12":{"line":92,"type":"if","locations":[{"start":{"line":92,"column":16},"end":{"line":92,"column":16},"skip":true},{"start":{"line":92,"column":16},"end":{"line":92,"column":16},"skip":true}]},"13":{"line":108,"type":"if","locations":[{"start":{"line":108,"column":12},"end":{"line":108,"column":12},"skip":true},{"start":{"line":108,"column":12},"end":{"line":108,"column":12},"skip":true}]},"14":{"line":108,"type":"binary-expr","locations":[{"start":{"line":108,"column":16},"end":{"line":108,"column":61},"skip":true},{"start":{"line":108,"column":66},"end":{"line":108,"column":72},"skip":true},{"start":{"line":108,"column":77},"end":{"line":108,"column":82},"skip":true},{"start":{"line":109,"column":20},"end":{"line":109,"column":39},"skip":true},{"start":{"line":110,"column":20},"end":{"line":110,"column":49},"skip":true},{"start":{"line":111,"column":20},"end":{"line":111,"column":58},"skip":true},{"start":{"line":112,"column":20},"end":{"line":112,"column":68},"skip":true}]},"15":{"line":129,"type":"if","locations":[{"start":{"line":129,"column":16},"end":{"line":129,"column":16},"skip":true},{"start":{"line":129,"column":16},"end":{"line":129,"column":16},"skip":true}]},"16":{"line":134,"type":"cond-expr","locations":[{"start":{"line":135,"column":26},"end":{"line":135,"column":29},"skip":true},{"start":{"line":136,"column":26},"end":{"line":136,"column":54},"skip":true}]},"17":{"line":164,"type":"binary-expr","locations":[{"start":{"line":164,"column":27},"end":{"line":164,"column":43},"skip":true},{"start":{"line":164,"column":47},"end":{"line":164,"column":49},"skip":true}]},"18":{"line":258,"type":"if","locations":[{"start":{"line":258,"column":8},"end":{"line":258,"column":8},"skip":true},{"start":{"line":258,"column":8},"end":{"line":258,"column":8},"skip":true}]},"19":{"line":275,"type":"switch","locations":[{"start":{"line":276,"column":20},"end":{"line":277,"column":64},"skip":true},{"start":{"line":278,"column":20},"end":{"line":279,"column":40},"skip":true},{"start":{"line":280,"column":20},"end":{"line":281,"column":40},"skip":true},{"start":{"line":282,"column":20},"end":{"line":283,"column":39},"skip":true}]},"20":{"line":288,"type":"if","locations":[{"start":{"line":288,"column":8},"end":{"line":288,"column":8},"skip":true},{"start":{"line":288,"column":8},"end":{"line":288,"column":8},"skip":true}]},"21":{"line":288,"type":"binary-expr","locations":[{"start":{"line":288,"column":12},"end":{"line":288,"column":40},"skip":true},{"start":{"line":288,"column":44},"end":{"line":288,"column":67},"skip":true}]},"22":{"line":292,"type":"binary-expr","locations":[{"start":{"line":292,"column":12},"end":{"line":292,"column":50},"skip":true},{"start":{"line":293,"column":12},"end":{"line":293,"column":53},"skip":true}]},"23":{"line":297,"type":"binary-expr","locations":[{"start":{"line":297,"column":12},"end":{"line":297,"column":64},"skip":true},{"start":{"line":298,"column":12},"end":{"line":301,"column":36},"skip":true}]},"24":{"line":303,"type":"binary-expr","locations":[{"start":{"line":303,"column":43},"end":{"line":303,"column":75},"skip":true},{"start":{"line":303,"column":79},"end":{"line":303,"column":81},"skip":true}]},"25":{"line":306,"type":"if","locations":[{"start":{"line":306,"column":8},"end":{"line":306,"column":8},"skip":true},{"start":{"line":306,"column":8},"end":{"line":306,"column":8},"skip":true}]},"26":{"line":310,"type":"if","locations":[{"start":{"line":310,"column":8},"end":{"line":310,"column":8},"skip":true},{"start":{"line":310,"column":8},"end":{"line":310,"column":8},"skip":true}]},"27":{"line":313,"type":"binary-expr","locations":[{"start":{"line":313,"column":27},"end":{"line":313,"column":43},"skip":true},{"start":{"line":313,"column":47},"end":{"line":313,"column":53},"skip":true}]},"28":{"line":317,"type":"if","locations":[{"start":{"line":317,"column":12},"end":{"line":317,"column":12},"skip":true},{"start":{"line":317,"column":12},"end":{"line":317,"column":12},"skip":true}]}},"code":["/*","example.js","","quickstart example","","instruction","    1. save this script as example.js","    2. run the shell command:","        $ npm install npmtest-lacona && PORT=8081 node example.js","    3. play with the browser-demo on http://127.0.0.1:8081","*/","","","","/* istanbul instrument in package npmtest_lacona */","/*jslint","    bitwise: true,","    browser: true,","    maxerr: 8,","    maxlen: 96,","    node: true,","    nomen: true,","    regexp: true,","    stupid: true","*/","(function () {","    'use strict';","    var local;","","","","    // run shared js-env code - init-before","    (function () {","        // init local","        local = {};","        // init modeJs","        local.modeJs = (function () {","            try {","                return typeof navigator.userAgent === 'string' &&","                    typeof document.querySelector('body') === 'object' &&","                    typeof XMLHttpRequest.prototype.open === 'function' &&","                    'browser';","            } catch (errorCaughtBrowser) {","                return module.exports &&","                    typeof process.versions.node === 'string' &&","                    typeof require('http').createServer === 'function' &&","                    'node';","            }","        }());","        // init global","        local.global = local.modeJs === 'browser'","            ? window","            : global;","        // init utility2_rollup","        local = local.global.utility2_rollup || (local.modeJs === 'browser'","            ? local.global.utility2_npmtest_lacona","            : global.utility2_moduleExports);","        // export local","        local.global.local = local;","    }());","    switch (local.modeJs) {","","","","    // init-after","    // run browser js-env code - init-after","    /* istanbul ignore next */","    case 'browser':","        local.testRunBrowser = function (event) {","            if (!event || (event &&","                    event.currentTarget &&","                    event.currentTarget.className &&","                    event.currentTarget.className.includes &&","                    event.currentTarget.className.includes('onreset'))) {","                // reset output","                Array.from(","                    document.querySelectorAll('body > .resettable')","                ).forEach(function (element) {","                    switch (element.tagName) {","                    case 'INPUT':","                    case 'TEXTAREA':","                        element.value = '';","                        break;","                    default:","                        element.textContent = '';","                    }","                });","            }","            switch (event && event.currentTarget && event.currentTarget.id) {","            case 'testRunButton1':","                // show tests","                if (document.querySelector('#testReportDiv1').style.display === 'none') {","                    document.querySelector('#testReportDiv1').style.display = 'block';","                    document.querySelector('#testRunButton1').textContent =","                        'hide internal test';","                    local.modeTest = true;","                    local.testRunDefault(local);","                // hide tests","                } else {","                    document.querySelector('#testReportDiv1').style.display = 'none';","                    document.querySelector('#testRunButton1').textContent = 'run internal test';","                }","                break;","            // custom-case","            default:","                break;","            }","            if (document.querySelector('#inputTextareaEval1') && (!event || (event &&","                    event.currentTarget &&","                    event.currentTarget.className &&","                    event.currentTarget.className.includes &&","                    event.currentTarget.className.includes('oneval')))) {","                // try to eval input-code","                try {","                    /*jslint evil: true*/","                    eval(document.querySelector('#inputTextareaEval1').value);","                } catch (errorCaught) {","                    console.error(errorCaught);","                }","            }","        };","        // log stderr and stdout to #outputTextareaStdout1","        ['error', 'log'].forEach(function (key) {","            console[key + '_original'] = console[key];","            console[key] = function () {","                var element;","                console[key + '_original'].apply(console, arguments);","                element = document.querySelector('#outputTextareaStdout1');","                if (!element) {","                    return;","                }","                // append text to #outputTextareaStdout1","                element.value += Array.from(arguments).map(function (arg) {","                    return typeof arg === 'string'","                        ? arg","                        : JSON.stringify(arg, null, 4);","                }).join(' ') + '\\n';","                // scroll textarea to bottom","                element.scrollTop = element.scrollHeight;","            };","        });","        // init event-handling","        ['change', 'click', 'keyup'].forEach(function (event) {","            Array.from(document.querySelectorAll('.on' + event)).forEach(function (element) {","                element.addEventListener(event, local.testRunBrowser);","            });","        });","        // run tests","        local.testRunBrowser();","        break;","","","","    // run node js-env code - init-after","    /* istanbul ignore next */","    case 'node':","        // export local","        module.exports = local;","        // require modules","        local.fs = require('fs');","        local.http = require('http');","        local.url = require('url');","        // init assets","        local.assetsDict = local.assetsDict || {};","        /* jslint-ignore-begin */","        local.assetsDict['/assets.index.template.html'] = '\\","<!doctype html>\\n\\","<html lang=\"en\">\\n\\","<head>\\n\\","<meta charset=\"UTF-8\">\\n\\","<meta name=\"viewport\" content=\"width=device-width, initial-scale=1\">\\n\\","<title>{{env.npm_package_name}} (v{{env.npm_package_version}})</title>\\n\\","<style>\\n\\","/*csslint\\n\\","    box-sizing: false,\\n\\","    universal-selector: false\\n\\","*/\\n\\","* {\\n\\","    box-sizing: border-box;\\n\\","}\\n\\","body {\\n\\","    background: #dde;\\n\\","    font-family: Arial, Helvetica, sans-serif;\\n\\","    margin: 2rem;\\n\\","}\\n\\","body > * {\\n\\","    margin-bottom: 1rem;\\n\\","}\\n\\",".utility2FooterDiv {\\n\\","    margin-top: 20px;\\n\\","    text-align: center;\\n\\","}\\n\\","</style>\\n\\","<style>\\n\\","/*csslint\\n\\","*/\\n\\","textarea {\\n\\","    font-family: monospace;\\n\\","    height: 10rem;\\n\\","    width: 100%;\\n\\","}\\n\\","textarea[readonly] {\\n\\","    background: #ddd;\\n\\","}\\n\\","</style>\\n\\","</head>\\n\\","<body>\\n\\","<!-- utility2-comment\\n\\","<div id=\"ajaxProgressDiv1\" style=\"background: #d00; height: 2px; left: 0; margin: 0; padding: 0; position: fixed; top: 0; transition: background 0.5s, width 1.5s; width: 25%;\"></div>\\n\\","utility2-comment -->\\n\\","<h1>\\n\\","<!-- utility2-comment\\n\\","    <a\\n\\","        {{#if env.npm_package_homepage}}\\n\\","        href=\"{{env.npm_package_homepage}}\"\\n\\","        {{/if env.npm_package_homepage}}\\n\\","        target=\"_blank\"\\n\\","    >\\n\\","utility2-comment -->\\n\\","        {{env.npm_package_name}} (v{{env.npm_package_version}})\\n\\","<!-- utility2-comment\\n\\","    </a>\\n\\","utility2-comment -->\\n\\","</h1>\\n\\","<h3>{{env.npm_package_description}}</h3>\\n\\","<!-- utility2-comment\\n\\","<h4><a download href=\"assets.app.js\">download standalone app</a></h4>\\n\\","<button class=\"onclick onreset\" id=\"testRunButton1\">run internal test</button><br>\\n\\","<div id=\"testReportDiv1\" style=\"display: none;\"></div>\\n\\","utility2-comment -->\\n\\","\\n\\","\\n\\","\\n\\","<label>stderr and stdout</label>\\n\\","<textarea class=\"resettable\" id=\"outputTextareaStdout1\" readonly></textarea>\\n\\","<!-- utility2-comment\\n\\","{{#if isRollup}}\\n\\","<script src=\"assets.app.js\"></script>\\n\\","{{#unless isRollup}}\\n\\","utility2-comment -->\\n\\","<script src=\"assets.utility2.rollup.js\"></script>\\n\\","<script src=\"jsonp.utility2._stateInit?callback=window.utility2._stateInit\"></script>\\n\\","<script src=\"assets.npmtest_lacona.rollup.js\"></script>\\n\\","<script src=\"assets.example.js\"></script>\\n\\","<script src=\"assets.test.js\"></script>\\n\\","<!-- utility2-comment\\n\\","{{/if isRollup}}\\n\\","utility2-comment -->\\n\\","<div class=\"utility2FooterDiv\">\\n\\","    [ this app was created with\\n\\","    <a href=\"https://github.com/kaizhu256/node-utility2\" target=\"_blank\">utility2</a>\\n\\","    ]\\n\\","</div>\\n\\","</body>\\n\\","</html>\\n\\","';","        /* jslint-ignore-end */","        if (local.templateRender) {","            local.assetsDict['/'] = local.templateRender(","                local.assetsDict['/assets.index.template.html'],","                {","                    env: local.objectSetDefault(local.env, {","                        npm_package_description: 'the greatest app in the world!',","                        npm_package_name: 'my-app',","                        npm_package_nameAlias: 'my_app',","                        npm_package_version: '0.0.1'","                    })","                }","            );","        } else {","            local.assetsDict['/'] = local.assetsDict['/assets.index.template.html']","                .replace((/\\{\\{env\\.(\\w+?)\\}\\}/g), function (match0, match1) {","                    // jslint-hack","                    String(match0);","                    switch (match1) {","                    case 'npm_package_description':","                        return 'the greatest app in the world!';","                    case 'npm_package_name':","                        return 'my-app';","                    case 'npm_package_nameAlias':","                        return 'my_app';","                    case 'npm_package_version':","                        return '0.0.1';","                    }","                });","        }","        // run the cli","        if (local.global.utility2_rollup || module !== require.main) {","            break;","        }","        local.assetsDict['/assets.example.js'] =","            local.assetsDict['/assets.example.js'] ||","            local.fs.readFileSync(__filename, 'utf8');","        // bug-workaround - long $npm_package_buildCustomOrg","        /* jslint-ignore-begin */","        local.assetsDict['/assets.npmtest_lacona.rollup.js'] =","            local.assetsDict['/assets.npmtest_lacona.rollup.js'] ||","            local.fs.readFileSync(","                local.npmtest_lacona.__dirname + '/lib.npmtest_lacona.js',","                'utf8'","            ).replace((/^#!/), '//');","        /* jslint-ignore-end */","        local.assetsDict['/favicon.ico'] = local.assetsDict['/favicon.ico'] || '';","        // if $npm_config_timeout_exit exists,","        // then exit this process after $npm_config_timeout_exit ms","        if (Number(process.env.npm_config_timeout_exit)) {","            setTimeout(process.exit, Number(process.env.npm_config_timeout_exit));","        }","        // start server","        if (local.global.utility2_serverHttp1) {","            break;","        }","        process.env.PORT = process.env.PORT || '8081';","        console.error('server starting on port ' + process.env.PORT);","        local.http.createServer(function (request, response) {","            request.urlParsed = local.url.parse(request.url);","            if (local.assetsDict[request.urlParsed.pathname] !== undefined) {","                response.end(local.assetsDict[request.urlParsed.pathname]);","                return;","            }","            response.statusCode = 404;","            response.end();","        }).listen(process.env.PORT);","        break;","    }","}());",""],"l":{"26":2,"28":2,"33":2,"35":2,"37":2,"38":2,"39":2,"44":1,"51":2,"55":2,"59":2,"61":2,"69":1,"70":2,"76":2,"79":2,"82":2,"83":2,"85":1,"89":2,"92":1,"93":1,"94":1,"96":1,"97":1,"100":1,"101":1,"103":1,"106":1,"108":2,"114":1,"116":1,"118":1,"123":1,"124":2,"125":2,"126":3,"127":3,"128":3,"129":3,"130":1,"133":3,"134":3,"139":3,"143":1,"144":3,"145":1,"149":1,"150":1,"158":1,"160":1,"161":1,"162":1,"164":1,"166":1,"258":1,"259":1,"271":1,"274":6,"275":6,"277":1,"279":2,"281":1,"283":2,"288":1,"289":1,"291":1,"296":1,"303":1,"306":1,"307":1,"310":1,"311":1,"313":1,"314":1,"315":1,"316":1,"317":1,"318":1,"319":1,"321":1,"322":1,"324":1}},"/home/travis/build/npmtest/node-npmtest-lacona/node_modules/lacona/lib/lacona.js":{"path":"/home/travis/build/npmtest/node-npmtest-lacona/node_modules/lacona/lib/lacona.js","s":{"1":1,"2":1,"3":1,"4":2,"5":1,"6":1,"7":2},"b":{},"f":{"1":2,"2":2},"fnMap":{"1":{"name":"get","line":11,"loc":{"start":{"line":11,"column":7},"end":{"line":11,"column":22}}},"2":{"name":"get","line":20,"loc":{"start":{"line":20,"column":7},"end":{"line":20,"column":22}}}},"statementMap":{"1":{"start":{"line":3,"column":0},"end":{"line":5,"column":3}},"2":{"start":{"line":7,"column":0},"end":{"line":7,"column":34}},"3":{"start":{"line":9,"column":0},"end":{"line":14,"column":3}},"4":{"start":{"line":12,"column":4},"end":{"line":12,"column":26}},"5":{"start":{"line":16,"column":0},"end":{"line":16,"column":32}},"6":{"start":{"line":18,"column":0},"end":{"line":23,"column":3}},"7":{"start":{"line":21,"column":4},"end":{"line":21,"column":30}}},"branchMap":{},"code":["'use strict';","","Object.defineProperty(exports, '__esModule', {","  value: true","});","","var _parser = require('./parser');","","Object.defineProperty(exports, 'Parser', {","  enumerable: true,","  get: function get() {","    return _parser.Parser;","  }","});","","var _error = require('./error');","","Object.defineProperty(exports, 'LaconaError', {","  enumerable: true,","  get: function get() {","    return _error.LaconaError;","  }","});"],"l":{"3":1,"7":1,"9":1,"12":2,"16":1,"18":1,"21":2}},"/home/travis/build/npmtest/node-npmtest-lacona/node_modules/lacona/lib/parser.js":{"path":"/home/travis/build/npmtest/node-npmtest-lacona/node_modules/lacona/lib/parser.js","s":{"1":1,"2":1,"3":1,"4":1,"5":1,"6":1,"7":1,"8":1,"9":1,"10":1,"11":1,"12":1,"13":1,"14":1,"15":1,"16":1,"17":1,"18":1,"19":1,"20":0,"21":0,"22":0,"23":0,"24":0,"25":0,"26":0,"27":0,"28":0,"29":0,"30":0,"31":0,"32":0,"33":0,"34":0,"35":0,"36":1,"37":0,"38":0,"39":1,"40":1,"41":0,"42":1,"43":0,"44":0,"45":1,"46":1,"47":1,"48":0,"49":0,"50":0,"51":0,"52":0,"53":0,"54":0,"55":0,"56":0,"57":0,"58":0,"59":0,"60":0,"61":0,"62":0,"63":1,"64":0,"65":0,"66":0,"67":0,"68":0,"69":0,"70":0,"71":0,"72":0,"73":0,"74":0,"75":0,"76":0,"77":0,"78":0,"79":0,"80":0,"81":0,"82":0,"83":0,"84":0,"85":0,"86":0,"87":0,"88":0,"89":0,"90":0,"91":0,"92":0,"93":0,"94":0,"95":0,"96":0,"97":0,"98":0,"99":0,"100":0,"101":0,"102":0,"103":0,"104":0,"105":0,"106":0,"107":0,"108":0,"109":0,"110":0,"111":0,"112":0,"113":0,"114":0,"115":0,"116":0,"117":0,"118":0,"119":0,"120":0,"121":0,"122":0,"123":0,"124":0,"125":0,"126":0,"127":0,"128":0,"129":0,"130":0,"131":0,"132":0,"133":0,"134":0,"135":0,"136":1,"137":1},"b":{"1":[0,0],"2":[0,0],"3":[0,0],"4":[0,0],"5":[0,0],"6":[0,0],"7":[0,0],"8":[0,0],"9":[0,0],"10":[0,0],"11":[0,0],"12":[0,0,0,0,0,0,0,0,0,0,0,0,0],"13":[0,0],"14":[0,0],"15":[0,0],"16":[0,0],"17":[0,0],"18":[0,0],"19":[0,0],"20":[0,0]},"f":{"1":0,"2":0,"3":0,"4":0,"5":0,"6":1,"7":0,"8":0,"9":0,"10":0,"11":0,"12":0,"13":0,"14":0,"15":0,"16":0,"17":0,"18":0,"19":0,"20":0},"fnMap":{"1":{"name":"from","line":41,"loc":{"start":{"line":41,"column":0},"end":{"line":41,"column":17}}},"2":{"name":"callEvery","line":71,"loc":{"start":{"line":71,"column":0},"end":{"line":71,"column":24}}},"3":{"name":"(anonymous_3)","line":72,"loc":{"start":{"line":72,"column":35},"end":{"line":72,"column":55}}},"4":{"name":"createOption","line":85,"loc":{"start":{"line":85,"column":0},"end":{"line":85,"column":31}}},"5":{"name":"normalizeOutput","line":89,"loc":{"start":{"line":89,"column":0},"end":{"line":89,"column":33}}},"6":{"name":"(anonymous_6)","line":94,"loc":{"start":{"line":94,"column":14},"end":{"line":94,"column":39}}},"7":{"name":"Parser","line":97,"loc":{"start":{"line":97,"column":2},"end":{"line":97,"column":20}}},"8":{"name":"_maybeReparse","line":123,"loc":{"start":{"line":123,"column":11},"end":{"line":123,"column":36}}},"9":{"name":"_getExtensions","line":128,"loc":{"start":{"line":128,"column":11},"end":{"line":128,"column":48}}},"10":{"name":"(anonymous_10)","line":129,"loc":{"start":{"line":129,"column":57},"end":{"line":129,"column":83}}},"11":{"name":"_getReconcileParseOptions","line":138,"loc":{"start":{"line":138,"column":11},"end":{"line":138,"column":48}}},"12":{"name":"_scheduleParseEndCallback","line":156,"loc":{"start":{"line":156,"column":11},"end":{"line":156,"column":56}}},"13":{"name":"_scheduleDeactivateCallback","line":161,"loc":{"start":{"line":161,"column":11},"end":{"line":161,"column":58}}},"14":{"name":"_reconcile","line":166,"loc":{"start":{"line":166,"column":11},"end":{"line":166,"column":40}}},"15":{"name":"reconcile","line":171,"loc":{"start":{"line":171,"column":11},"end":{"line":171,"column":32}}},"16":{"name":"activate","line":176,"loc":{"start":{"line":176,"column":11},"end":{"line":176,"column":31}}},"17":{"name":"deactivate","line":181,"loc":{"start":{"line":181,"column":11},"end":{"line":181,"column":33}}},"18":{"name":"parse","line":189,"loc":{"start":{"line":189,"column":36},"end":{"line":189,"column":64}}},"19":{"name":"parse$","line":192,"loc":{"start":{"line":192,"column":38},"end":{"line":192,"column":67}}},"20":{"name":"parseArray","line":291,"loc":{"start":{"line":291,"column":11},"end":{"line":291,"column":44}}}},"statementMap":{"1":{"start":{"line":4,"column":0},"end":{"line":4,"column":59}},"2":{"start":{"line":6,"column":0},"end":{"line":6,"column":69}},"3":{"start":{"line":8,"column":0},"end":{"line":8,"column":76}},"4":{"start":{"line":10,"column":0},"end":{"line":10,"column":83}},"5":{"start":{"line":12,"column":0},"end":{"line":12,"column":76}},"6":{"start":{"line":14,"column":0},"end":{"line":14,"column":74}},"7":{"start":{"line":16,"column":0},"end":{"line":16,"column":97}},"8":{"start":{"line":18,"column":0},"end":{"line":20,"column":3}},"9":{"start":{"line":21,"column":0},"end":{"line":21,"column":36}},"10":{"start":{"line":23,"column":0},"end":{"line":23,"column":32}},"11":{"start":{"line":25,"column":0},"end":{"line":25,"column":47}},"12":{"start":{"line":27,"column":0},"end":{"line":27,"column":32}},"13":{"start":{"line":29,"column":0},"end":{"line":29,"column":33}},"14":{"start":{"line":31,"column":0},"end":{"line":31,"column":41}},"15":{"start":{"line":33,"column":0},"end":{"line":33,"column":32}},"16":{"start":{"line":35,"column":0},"end":{"line":35,"column":49}},"17":{"start":{"line":37,"column":0},"end":{"line":37,"column":61}},"18":{"start":{"line":39,"column":0},"end":{"line":39,"column":15}},"19":{"start":{"line":41,"column":0},"end":{"line":69,"column":1}},"20":{"start":{"line":42,"column":2},"end":{"line":42,"column":13}},"21":{"start":{"line":43,"column":2},"end":{"line":43,"column":39}},"22":{"start":{"line":44,"column":2},"end":{"line":44,"column":32}},"23":{"start":{"line":45,"column":2},"end":{"line":45,"column":33}},"24":{"start":{"line":47,"column":2},"end":{"line":66,"column":3}},"25":{"start":{"line":48,"column":4},"end":{"line":52,"column":5}},"26":{"start":{"line":49,"column":6},"end":{"line":49,"column":26}},"27":{"start":{"line":51,"column":6},"end":{"line":51,"column":16}},"28":{"start":{"line":54,"column":4},"end":{"line":54,"column":29}},"29":{"start":{"line":55,"column":4},"end":{"line":55,"column":25}},"30":{"start":{"line":57,"column":4},"end":{"line":65,"column":5}},"31":{"start":{"line":58,"column":6},"end":{"line":60,"column":7}},"32":{"start":{"line":59,"column":8},"end":{"line":59,"column":30}},"33":{"start":{"line":62,"column":6},"end":{"line":64,"column":7}},"34":{"start":{"line":63,"column":8},"end":{"line":63,"column":29}},"35":{"start":{"line":68,"column":2},"end":{"line":68,"column":11}},"36":{"start":{"line":71,"column":0},"end":{"line":75,"column":1}},"37":{"start":{"line":72,"column":2},"end":{"line":74,"column":5}},"38":{"start":{"line":73,"column":4},"end":{"line":73,"column":22}},"39":{"start":{"line":77,"column":0},"end":{"line":83,"column":2}},"40":{"start":{"line":85,"column":0},"end":{"line":87,"column":1}},"41":{"start":{"line":86,"column":2},"end":{"line":86,"column":63}},"42":{"start":{"line":89,"column":0},"end":{"line":92,"column":1}},"43":{"start":{"line":90,"column":2},"end":{"line":90,"column":104}},"44":{"start":{"line":91,"column":2},"end":{"line":91,"column":16}},"45":{"start":{"line":94,"column":0},"end":{"line":297,"column":25}},"46":{"start":{"line":95,"column":2},"end":{"line":95,"column":35}},"47":{"start":{"line":97,"column":2},"end":{"line":119,"column":3}},"48":{"start":{"line":98,"column":4},"end":{"line":98,"column":87}},"49":{"start":{"line":100,"column":4},"end":{"line":100,"column":32}},"50":{"start":{"line":101,"column":4},"end":{"line":101,"column":68}},"51":{"start":{"line":102,"column":4},"end":{"line":102,"column":31}},"52":{"start":{"line":103,"column":4},"end":{"line":103,"column":42}},"53":{"start":{"line":104,"column":4},"end":{"line":104,"column":74}},"54":{"start":{"line":106,"column":4},"end":{"line":106,"column":34}},"55":{"start":{"line":108,"column":4},"end":{"line":108,"column":82}},"56":{"start":{"line":110,"column":4},"end":{"line":110,"column":23}},"57":{"start":{"line":111,"column":4},"end":{"line":111,"column":27}},"58":{"start":{"line":112,"column":4},"end":{"line":112,"column":33}},"59":{"start":{"line":113,"column":4},"end":{"line":113,"column":29}},"60":{"start":{"line":114,"column":4},"end":{"line":114,"column":33}},"61":{"start":{"line":115,"column":4},"end":{"line":115,"column":35}},"62":{"start":{"line":116,"column":4},"end":{"line":118,"column":7}},"63":{"start":{"line":121,"column":2},"end":{"line":294,"column":6}},"64":{"start":{"line":124,"column":6},"end":{"line":124,"column":26}},"65":{"start":{"line":129,"column":6},"end":{"line":134,"column":13}},"66":{"start":{"line":130,"column":8},"end":{"line":132,"column":9}},"67":{"start":{"line":131,"column":10},"end":{"line":131,"column":30}},"68":{"start":{"line":133,"column":8},"end":{"line":133,"column":19}},"69":{"start":{"line":139,"column":6},"end":{"line":139,"column":90}},"70":{"start":{"line":141,"column":6},"end":{"line":141,"column":60}},"71":{"start":{"line":142,"column":6},"end":{"line":142,"column":102}},"72":{"start":{"line":144,"column":6},"end":{"line":152,"column":8}},"73":{"start":{"line":157,"column":6},"end":{"line":157,"column":45}},"74":{"start":{"line":162,"column":6},"end":{"line":162,"column":47}},"75":{"start":{"line":167,"column":6},"end":{"line":167,"column":118}},"76":{"start":{"line":172,"column":6},"end":{"line":172,"column":56}},"77":{"start":{"line":177,"column":6},"end":{"line":177,"column":37}},"78":{"start":{"line":182,"column":6},"end":{"line":182,"column":43}},"79":{"start":{"line":183,"column":6},"end":{"line":183,"column":37}},"80":{"start":{"line":185,"column":6},"end":{"line":185,"column":39}},"81":{"start":{"line":190,"column":6},"end":{"line":190,"column":137}},"82":{"start":{"line":192,"column":6},"end":{"line":287,"column":57}},"83":{"start":{"line":193,"column":8},"end":{"line":286,"column":9}},"84":{"start":{"line":193,"column":18},"end":{"line":286,"column":9}},"85":{"start":{"line":195,"column":12},"end":{"line":198,"column":13}},"86":{"start":{"line":196,"column":14},"end":{"line":196,"column":35}},"87":{"start":{"line":197,"column":14},"end":{"line":197,"column":20}},"88":{"start":{"line":200,"column":12},"end":{"line":200,"column":80}},"89":{"start":{"line":203,"column":12},"end":{"line":203,"column":99}},"90":{"start":{"line":205,"column":12},"end":{"line":207,"column":13}},"91":{"start":{"line":206,"column":14},"end":{"line":206,"column":79}},"92":{"start":{"line":209,"column":12},"end":{"line":209,"column":56}},"93":{"start":{"line":210,"column":12},"end":{"line":210,"column":95}},"94":{"start":{"line":212,"column":12},"end":{"line":212,"column":37}},"95":{"start":{"line":214,"column":12},"end":{"line":214,"column":46}},"96":{"start":{"line":215,"column":12},"end":{"line":215,"column":39}},"97":{"start":{"line":216,"column":12},"end":{"line":216,"column":40}},"98":{"start":{"line":217,"column":12},"end":{"line":217,"column":34}},"99":{"start":{"line":218,"column":12},"end":{"line":218,"column":116}},"100":{"start":{"line":221,"column":12},"end":{"line":224,"column":13}},"101":{"start":{"line":222,"column":14},"end":{"line":222,"column":36}},"102":{"start":{"line":223,"column":14},"end":{"line":223,"column":20}},"103":{"start":{"line":226,"column":12},"end":{"line":226,"column":34}},"104":{"start":{"line":228,"column":12},"end":{"line":231,"column":13}},"105":{"start":{"line":229,"column":14},"end":{"line":229,"column":36}},"106":{"start":{"line":230,"column":14},"end":{"line":230,"column":20}},"107":{"start":{"line":233,"column":12},"end":{"line":233,"column":40}},"108":{"start":{"line":234,"column":12},"end":{"line":234,"column":34}},"109":{"start":{"line":235,"column":12},"end":{"line":235,"column":43}},"110":{"start":{"line":238,"column":12},"end":{"line":238,"column":46}},"111":{"start":{"line":239,"column":12},"end":{"line":239,"column":34}},"112":{"start":{"line":240,"column":12},"end":{"line":240,"column":18}},"113":{"start":{"line":243,"column":12},"end":{"line":243,"column":34}},"114":{"start":{"line":244,"column":12},"end":{"line":244,"column":18}},"115":{"start":{"line":247,"column":12},"end":{"line":247,"column":34}},"116":{"start":{"line":248,"column":12},"end":{"line":248,"column":54}},"117":{"start":{"line":249,"column":12},"end":{"line":249,"column":38}},"118":{"start":{"line":250,"column":12},"end":{"line":250,"column":45}},"119":{"start":{"line":253,"column":12},"end":{"line":253,"column":34}},"120":{"start":{"line":254,"column":12},"end":{"line":254,"column":34}},"121":{"start":{"line":256,"column":12},"end":{"line":258,"column":13}},"122":{"start":{"line":257,"column":14},"end":{"line":257,"column":37}},"123":{"start":{"line":261,"column":12},"end":{"line":261,"column":34}},"124":{"start":{"line":263,"column":12},"end":{"line":266,"column":13}},"125":{"start":{"line":264,"column":14},"end":{"line":264,"column":36}},"126":{"start":{"line":265,"column":14},"end":{"line":265,"column":20}},"127":{"start":{"line":268,"column":12},"end":{"line":268,"column":34}},"128":{"start":{"line":271,"column":12},"end":{"line":271,"column":42}},"129":{"start":{"line":274,"column":12},"end":{"line":274,"column":42}},"130":{"start":{"line":277,"column":12},"end":{"line":277,"column":79}},"131":{"start":{"line":277,"column":34},"end":{"line":277,"column":79}},"132":{"start":{"line":279,"column":12},"end":{"line":279,"column":47}},"133":{"start":{"line":281,"column":12},"end":{"line":281,"column":41}},"134":{"start":{"line":285,"column":12},"end":{"line":285,"column":38}},"135":{"start":{"line":292,"column":6},"end":{"line":292,"column":43}},"136":{"start":{"line":296,"column":2},"end":{"line":296,"column":16}},"137":{"start":{"line":299,"column":0},"end":{"line":299,"column":24}}},"branchMap":{"1":{"line":58,"type":"if","locations":[{"start":{"line":58,"column":6},"end":{"line":58,"column":6}},{"start":{"line":58,"column":6},"end":{"line":58,"column":6}}]},"2":{"line":58,"type":"binary-expr","locations":[{"start":{"line":58,"column":10},"end":{"line":58,"column":36}},{"start":{"line":58,"column":40},"end":{"line":58,"column":59}}]},"3":{"line":62,"type":"if","locations":[{"start":{"line":62,"column":6},"end":{"line":62,"column":6}},{"start":{"line":62,"column":6},"end":{"line":62,"column":6}}]},"4":{"line":98,"type":"cond-expr","locations":[{"start":{"line":98,"column":69},"end":{"line":98,"column":71}},{"start":{"line":98,"column":74},"end":{"line":98,"column":86}}]},"5":{"line":98,"type":"binary-expr","locations":[{"start":{"line":98,"column":15},"end":{"line":98,"column":36}},{"start":{"line":98,"column":40},"end":{"line":98,"column":66}}]},"6":{"line":101,"type":"cond-expr","locations":[{"start":{"line":101,"column":43},"end":{"line":101,"column":54}},{"start":{"line":101,"column":57},"end":{"line":101,"column":67}}]},"7":{"line":104,"type":"cond-expr","locations":[{"start":{"line":104,"column":53},"end":{"line":104,"column":55}},{"start":{"line":104,"column":58},"end":{"line":104,"column":73}}]},"8":{"line":130,"type":"if","locations":[{"start":{"line":130,"column":8},"end":{"line":130,"column":8}},{"start":{"line":130,"column":8},"end":{"line":130,"column":8}}]},"9":{"line":139,"type":"cond-expr","locations":[{"start":{"line":139,"column":72},"end":{"line":139,"column":74}},{"start":{"line":139,"column":77},"end":{"line":139,"column":89}}]},"10":{"line":139,"type":"binary-expr","locations":[{"start":{"line":139,"column":18},"end":{"line":139,"column":39}},{"start":{"line":139,"column":43},"end":{"line":139,"column":69}}]},"11":{"line":142,"type":"cond-expr","locations":[{"start":{"line":142,"column":70},"end":{"line":142,"column":75}},{"start":{"line":142,"column":78},"end":{"line":142,"column":101}}]},"12":{"line":193,"type":"switch","locations":[{"start":{"line":194,"column":10},"end":{"line":200,"column":80}},{"start":{"line":202,"column":10},"end":{"line":218,"column":116}},{"start":{"line":220,"column":10},"end":{"line":235,"column":43}},{"start":{"line":237,"column":10},"end":{"line":240,"column":18}},{"start":{"line":242,"column":10},"end":{"line":244,"column":18}},{"start":{"line":246,"column":10},"end":{"line":250,"column":45}},{"start":{"line":252,"column":10},"end":{"line":258,"column":13}},{"start":{"line":260,"column":10},"end":{"line":268,"column":34}},{"start":{"line":270,"column":10},"end":{"line":271,"column":42}},{"start":{"line":273,"column":10},"end":{"line":274,"column":42}},{"start":{"line":276,"column":10},"end":{"line":281,"column":41}},{"start":{"line":283,"column":10},"end":{"line":283,"column":18}},{"start":{"line":284,"column":10},"end":{"line":285,"column":38}}]},"13":{"line":195,"type":"if","locations":[{"start":{"line":195,"column":12},"end":{"line":195,"column":12}},{"start":{"line":195,"column":12},"end":{"line":195,"column":12}}]},"14":{"line":205,"type":"if","locations":[{"start":{"line":205,"column":12},"end":{"line":205,"column":12}},{"start":{"line":205,"column":12},"end":{"line":205,"column":12}}]},"15":{"line":221,"type":"if","locations":[{"start":{"line":221,"column":12},"end":{"line":221,"column":12}},{"start":{"line":221,"column":12},"end":{"line":221,"column":12}}]},"16":{"line":228,"type":"if","locations":[{"start":{"line":228,"column":12},"end":{"line":228,"column":12}},{"start":{"line":228,"column":12},"end":{"line":228,"column":12}}]},"17":{"line":256,"type":"if","locations":[{"start":{"line":256,"column":12},"end":{"line":256,"column":12}},{"start":{"line":256,"column":12},"end":{"line":256,"column":12}}]},"18":{"line":256,"type":"binary-expr","locations":[{"start":{"line":256,"column":16},"end":{"line":256,"column":43}},{"start":{"line":256,"column":47},"end":{"line":256,"column":67}}]},"19":{"line":263,"type":"if","locations":[{"start":{"line":263,"column":12},"end":{"line":263,"column":12}},{"start":{"line":263,"column":12},"end":{"line":263,"column":12}}]},"20":{"line":277,"type":"if","locations":[{"start":{"line":277,"column":12},"end":{"line":277,"column":12}},{"start":{"line":277,"column":12},"end":{"line":277,"column":12}}]}},"code":["/** @jsx createElement */","'use strict';","","var _get = require('babel-runtime/helpers/get')['default'];","","var _inherits = require('babel-runtime/helpers/inherits')['default'];","","var _createClass = require('babel-runtime/helpers/create-class')['default'];","","var _classCallCheck = require('babel-runtime/helpers/class-call-check')['default'];","","var _getIterator = require('babel-runtime/core-js/get-iterator')['default'];","","var _regeneratorRuntime = require('babel-runtime/regenerator')['default'];","","var _interopRequireDefault = require('babel-runtime/helpers/interop-require-default')['default'];","","Object.defineProperty(exports, '__esModule', {","  value: true","});","exports.createOption = createOption;","","var _lodash = require('lodash');","","var _lodash2 = _interopRequireDefault(_lodash);","","var _events = require('events');","","var _parse2 = require('./parse');","","var _reconcile2 = require('./reconcile');","","var _error = require('./error');","","var _sourceManager = require('./source-manager');","","var _sourceManager2 = _interopRequireDefault(_sourceManager);","","global.__z = 0;","","function from(i) {","  var a = [];","  var _iteratorNormalCompletion = true;","  var _didIteratorError = false;","  var _iteratorError = undefined;","","  try {","    for (var _iterator = _getIterator(i), _step; !(_iteratorNormalCompletion = (_step = _iterator.next()).done); _iteratorNormalCompletion = true) {","      var x = _step.value;","","      a.push(x);","    }","  } catch (err) {","    _didIteratorError = true;","    _iteratorError = err;","  } finally {","    try {","      if (!_iteratorNormalCompletion && _iterator['return']) {","        _iterator['return']();","      }","    } finally {","      if (_didIteratorError) {","        throw _iteratorError;","      }","    }","  }","","  return a;","}","","function callEvery(ary) {","  _lodash2['default'].forEach(ary, function (callback) {","    return callback();","  });","}","","var optionDefaults = {","  text: '',","  words: [],","  qualifiers: [],","  callbacks: [],","  _previousEllipsis: []","};","","function createOption(options) {","  return _lodash2['default'].defaults(options, optionDefaults);","}","","function normalizeOutput(option) {","  var output = _lodash2['default'].pick(option, ['words', 'score', 'result', 'qualifiers', 'ellipsis']);","  return output;","}","","var Parser = (function (_EventEmitter) {","  _inherits(Parser, _EventEmitter);","","  function Parser() {","    var _ref = arguments.length <= 0 || arguments[0] === undefined ? {} : arguments[0];","","    var _ref$langs = _ref.langs;","    var langs = _ref$langs === undefined ? ['default'] : _ref$langs;","    var grammar = _ref.grammar;","    var _ref$extensions = _ref.extensions;","    var extensions = _ref$extensions === undefined ? [] : _ref$extensions;","","    _classCallCheck(this, Parser);","","    _get(Object.getPrototypeOf(Parser.prototype), 'constructor', this).call(this);","","    this.langs = langs;","    this.grammar = grammar;","    this.extensions = extensions;","    this._oldExtensions = [];","    this._parseEndCallbacks = [];","    this._deactivateCallbacks = [];","    this._sourceManager = new _sourceManager2['default']({","      update: this._maybeReparse.bind(this)","    });","  }","","  _createClass(Parser, [{","    key: '_maybeReparse',","    value: function _maybeReparse() {","      this.emit('update');","    }","  }, {","    key: '_getExtensions',","    value: function _getExtensions(Constructor) {","      return _lodash2['default'].reduce(this.extensions, function (acc, Extension) {","        if (_lodash2['default'].includes(Extension['extends'], Constructor)) {","          acc.push(Extension);","        }","        return acc;","      }, []);","    }","  }, {","    key: '_getReconcileParseOptions',","    value: function _getReconcileParseOptions() {","      var _ref2 = arguments.length <= 0 || arguments[0] === undefined ? {} : arguments[0];","","      var _ref2$extensionsChanged = _ref2.extensionsChanged;","      var extensionsChanged = _ref2$extensionsChanged === undefined ? false : _ref2$extensionsChanged;","","      return {","        langs: this.langs,","        getExtensions: this._getExtensions.bind(this),","        sourceManager: this._sourceManager,","        scheduleParseEndCallback: this._scheduleParseEndCallback.bind(this),","        scheduleDeactivateCallback: this._scheduleDeactivateCallback.bind(this),","        extensionsChanged: extensionsChanged,","        parses: 0","      };","    }","  }, {","    key: '_scheduleParseEndCallback',","    value: function _scheduleParseEndCallback(callback) {","      this._parseEndCallbacks.push(callback);","    }","  }, {","    key: '_scheduleDeactivateCallback',","    value: function _scheduleDeactivateCallback(callback) {","      this._deactivateCallbacks.push(callback);","    }","  }, {","    key: '_reconcile',","    value: function _reconcile(options) {","      this._phrase = (0, _reconcile2.reconcile)({ descriptor: this.grammar, phrase: this._phrase, options: options });","    }","  }, {","    key: 'reconcile',","    value: function reconcile() {","      this._reconcile(this._getReconcileParseOptions());","    }","  }, {","    key: 'activate',","    value: function activate() {","      this._sourceManager.activate();","    }","  }, {","    key: 'deactivate',","    value: function deactivate() {","      callEvery(this._deactivateCallbacks);","      this._deactivateCallbacks = [];","","      this._sourceManager.deactivate();","    }","  }, {","    key: 'parse',","    value: _regeneratorRuntime.mark(function parse(inputString) {","      var extensionsChanged, input, options, _iteratorNormalCompletion2, _didIteratorError2, _iteratorError2, _iterator2, _step2, output;","","      return _regeneratorRuntime.wrap(function parse$(context$2$0) {","        while (1) switch (context$2$0.prev = context$2$0.next) {","          case 0:","            if (_lodash2['default'].isString(inputString)) {","              context$2$0.next = 2;","              break;","            }","","            throw new _error.LaconaError('lacona parse input must be a string');","","          case 2:","            extensionsChanged = !_lodash2['default'].isEqual(this._oldExtensions, this.extensions);","","            if (extensionsChanged) {","              this._oldExtensions = _lodash2['default'].clone(this.extensions);","            }","","            input = createOption({ text: inputString });","            options = this._getReconcileParseOptions({ extensionsChanged: extensionsChanged });","","            this._reconcile(options);","","            _iteratorNormalCompletion2 = true;","            _didIteratorError2 = false;","            _iteratorError2 = undefined;","            context$2$0.prev = 10;","            _iterator2 = _getIterator((0, _parse2.parse)({ phrase: this._phrase, input: input, options: options }));","","          case 12:","            if (_iteratorNormalCompletion2 = (_step2 = _iterator2.next()).done) {","              context$2$0.next = 21;","              break;","            }","","            output = _step2.value;","","            if (output.text) {","              context$2$0.next = 18;","              break;","            }","","            callEvery(output.callbacks);","            context$2$0.next = 18;","            return normalizeOutput(output);","","          case 18:","            _iteratorNormalCompletion2 = true;","            context$2$0.next = 12;","            break;","","          case 21:","            context$2$0.next = 27;","            break;","","          case 23:","            context$2$0.prev = 23;","            context$2$0.t0 = context$2$0['catch'](10);","            _didIteratorError2 = true;","            _iteratorError2 = context$2$0.t0;","","          case 27:","            context$2$0.prev = 27;","            context$2$0.prev = 28;","","            if (!_iteratorNormalCompletion2 && _iterator2['return']) {","              _iterator2['return']();","            }","","          case 30:","            context$2$0.prev = 30;","","            if (!_didIteratorError2) {","              context$2$0.next = 33;","              break;","            }","","            throw _iteratorError2;","","          case 33:","            return context$2$0.finish(30);","","          case 34:","            return context$2$0.finish(27);","","          case 35:","            if (global.logStatus) global.logStatus({ parses: options.parses });","","            callEvery(this._parseEndCallbacks);","","            this._parseEndCallbacks = [];","","          case 38:","          case 'end':","            return context$2$0.stop();","        }","      }, parse, this, [[10, 23, 27, 35], [28,, 30, 34]]);","    })","  }, {","    key: 'parseArray',","    value: function parseArray(inputString) {","      return from(this.parse(inputString));","    }","  }]);","","  return Parser;","})(_events.EventEmitter);","","exports.Parser = Parser;"],"l":{"4":1,"6":1,"8":1,"10":1,"12":1,"14":1,"16":1,"18":1,"21":1,"23":1,"25":1,"27":1,"29":1,"31":1,"33":1,"35":1,"37":1,"39":1,"41":1,"42":0,"43":0,"44":0,"45":0,"47":0,"48":0,"49":0,"51":0,"54":0,"55":0,"57":0,"58":0,"59":0,"62":0,"63":0,"68":0,"71":1,"72":0,"73":0,"77":1,"85":1,"86":0,"89":1,"90":0,"91":0,"94":1,"95":1,"97":1,"98":0,"100":0,"101":0,"102":0,"103":0,"104":0,"106":0,"108":0,"110":0,"111":0,"112":0,"113":0,"114":0,"115":0,"116":0,"121":1,"124":0,"129":0,"130":0,"131":0,"133":0,"139":0,"141":0,"142":0,"144":0,"157":0,"162":0,"167":0,"172":0,"177":0,"182":0,"183":0,"185":0,"190":0,"192":0,"193":0,"195":0,"196":0,"197":0,"200":0,"203":0,"205":0,"206":0,"209":0,"210":0,"212":0,"214":0,"215":0,"216":0,"217":0,"218":0,"221":0,"222":0,"223":0,"226":0,"228":0,"229":0,"230":0,"233":0,"234":0,"235":0,"238":0,"239":0,"240":0,"243":0,"244":0,"247":0,"248":0,"249":0,"250":0,"253":0,"254":0,"256":0,"257":0,"261":0,"263":0,"264":0,"265":0,"268":0,"271":0,"274":0,"277":0,"279":0,"281":0,"285":0,"292":0,"296":1,"299":1}},"/home/travis/build/npmtest/node-npmtest-lacona/node_modules/lacona/lib/parse.js":{"path":"/home/travis/build/npmtest/node-npmtest-lacona/node_modules/lacona/lib/parse.js","s":{"1":1,"2":1,"3":1,"4":1,"5":1,"6":1,"7":1,"8":1,"9":1,"10":0,"11":1,"12":0,"13":0,"14":0,"15":0,"16":0,"17":0,"18":0,"19":0,"20":0,"21":0,"22":1,"23":0,"24":0,"25":0,"26":0,"27":0,"28":0,"29":0,"30":0,"31":0,"32":0,"33":0,"34":0,"35":0,"36":0,"37":0,"38":0,"39":0,"40":0,"41":0,"42":0,"43":0,"44":0,"45":0,"46":0,"47":0,"48":0,"49":0,"50":0,"51":0,"52":0,"53":0,"54":0,"55":0,"56":0,"57":0,"58":0,"59":0,"60":0,"61":0,"62":0,"63":0,"64":0,"65":0,"66":0,"67":0,"68":0,"69":0,"70":0,"71":0,"72":0,"73":0,"74":0,"75":0,"76":0,"77":0,"78":0,"79":0,"80":0,"81":0,"82":0,"83":0,"84":0,"85":0,"86":0,"87":0,"88":0,"89":0,"90":0,"91":0,"92":0,"93":0,"94":0,"95":0,"96":0,"97":0,"98":0,"
[...]
"27":0,"28":0,"29":0,"30":0,"31":1,"32":1},"b":{"1":[0,0,0],"2":[0,0]},"f":{"1":1,"2":0,"3":0,"4":0,"5":0,"6":0,"7":0},"fnMap":{"1":{"name":"(anonymous_1)","line":30,"loc":{"start":{"line":30,"column":11},"end":{"line":30,"column":30}}},"2":{"name":"Tap","line":33,"loc":{"start":{"line":33,"column":2},"end":{"line":33,"column":17}}},"3":{"name":"_handleParse","line":41,"loc":{"start":{"line":41,"column":36},"end":{"line":41,"column":74}}},"4":{"name":"_handleParse$","line":42,"loc":{"start":{"line":42,"column":38},"end":{"line":42,"column":74}}},"5":{"name":"(anonymous_5)","line":50,"loc":{"start":{"line":50,"column":47},"end":{"line":50,"column":59}}},"6":{"name":"_destroy","line":65,"loc":{"start":{"line":65,"column":11},"end":{"line":65,"column":38}}},"7":{"name":"_function","line":73,"loc":{"start":{"line":73,"column":18},"end":{"line":73,"column":39}}}},"statementMap":{"1":{"start":{"line":4,"column":0},"end":{"line":4,"column":59}},"2":{"start":{"line":6,"column":0},"end":{"line":6,"column":69}},"3":{"start":{"line":8,"column":0},"end":{"line":8,"column":76}},"4":{"start":{"line":10,"column":0},"end":{"line":10,"column":83}},"5":{"start":{"line":12,"column":0},"end":{"line":12,"column":74}},"6":{"start":{"line":14,"column":0},"end":{"line":14,"column":97}},"7":{"start":{"line":16,"column":0},"end":{"line":18,"column":3}},"8":{"start":{"line":20,"column":0},"end":{"line":20,"column":32}},"9":{"start":{"line":22,"column":0},"end":{"line":22,"column":47}},"10":{"start":{"line":24,"column":0},"end":{"line":24,"column":45}},"11":{"start":{"line":26,"column":0},"end":{"line":26,"column":33}},"12":{"start":{"line":28,"column":0},"end":{"line":28,"column":41}},"13":{"start":{"line":30,"column":0},"end":{"line":79,"column":25}},"14":{"start":{"line":31,"column":2},"end":{"line":31,"column":26}},"15":{"start":{"line":33,"column":2},"end":{"line":37,"column":3}},"16":{"start":{"line":34,"column":4},"end":{"line":34,"column":31}},"17":{"start":{"line":36,"column":4},"end":{"line":36,"column":91}},"18":{"start":{"line":39,"column":2},"end":{"line":76,"column":6}},"19":{"start":{"line":42,"column":6},"end":{"line":61,"column":29}},"20":{"start":{"line":43,"column":8},"end":{"line":43,"column":25}},"21":{"start":{"line":45,"column":8},"end":{"line":60,"column":9}},"22":{"start":{"line":45,"column":18},"end":{"line":60,"column":9}},"23":{"start":{"line":47,"column":12},"end":{"line":47,"column":141}},"24":{"start":{"line":49,"column":12},"end":{"line":53,"column":13}},"25":{"start":{"line":50,"column":14},"end":{"line":52,"column":17}},"26":{"start":{"line":51,"column":16},"end":{"line":51,"column":59}},"27":{"start":{"line":55,"column":12},"end":{"line":55,"column":135}},"28":{"start":{"line":59,"column":12},"end":{"line":59,"column":38}},"29":{"start":{"line":66,"column":6},"end":{"line":66,"column":32}},"30":{"start":{"line":68,"column":6},"end":{"line":68,"column":30}},"31":{"start":{"line":78,"column":2},"end":{"line":78,"column":13}},"32":{"start":{"line":81,"column":0},"end":{"line":81,"column":18}}},"branchMap":{"1":{"line":45,"type":"switch","locations":[{"start":{"line":46,"column":10},"end":{"line":55,"column":135}},{"start":{"line":57,"column":10},"end":{"line":57,"column":17}},{"start":{"line":58,"column":10},"end":{"line":59,"column":38}}]},"2":{"line":49,"type":"if","locations":[{"start":{"line":49,"column":12},"end":{"line":49,"column":12}},{"start":{"line":49,"column":12},"end":{"line":49,"column":12}}]}},"code":["/** @jsx createElement */","'use strict';","","var _get = require('babel-runtime/helpers/get')['default'];","","var _inherits = require('babel-runtime/helpers/inherits')['default'];","","var _createClass = require('babel-runtime/helpers/create-class')['default'];","","var _classCallCheck = require('babel-runtime/helpers/class-call-check')['default'];","","var _regeneratorRuntime = require('babel-runtime/regenerator')['default'];","","var _interopRequireDefault = require('babel-runtime/helpers/interop-require-default')['default'];","","Object.defineProperty(exports, '__esModule', {","  value: true","});","","var _lodash = require('lodash');","","var _lodash2 = _interopRequireDefault(_lodash);","","var _laconaPhrase = require('lacona-phrase');","","var _parse = require('../parse');","","var _reconcile = require('../reconcile');","","var Tap = (function (_Phrase) {","  _inherits(Tap, _Phrase);","","  function Tap() {","    _classCallCheck(this, Tap);","","    _get(Object.getPrototypeOf(Tap.prototype), 'constructor', this).apply(this, arguments);","  }","","  _createClass(Tap, [{","    key: '_handleParse',","    value: _regeneratorRuntime.mark(function _handleParse(input, options) {","      return _regeneratorRuntime.wrap(function _handleParse$(context$2$0) {","        var _this = this;","","        while (1) switch (context$2$0.prev = context$2$0.next) {","          case 0:","            this.childPhrase = (0, _reconcile.reconcile)({ descriptor: this.props.children[0], phrase: this.childPhrase, options: options });","","            if (input.text != null) {","              options.scheduleParseEndCallback(function () {","                return _this.props['function'](input.text);","              });","            }","","            return context$2$0.delegateYield((0, _parse.parse)({ phrase: this.childPhrase, input: input, options: options }), 't0', 3);","","          case 3:","          case 'end':","            return context$2$0.stop();","        }","      }, _handleParse, this);","    })","  }, {","    key: '_destroy',","    value: function _destroy(destroy) {","      destroy(this.childPhrase);","","      delete this.childPhrase;","    }","  }], [{","    key: 'defaultProps',","    value: {","      'function': function _function() {}","    },","    enumerable: true","  }]);","","  return Tap;","})(_laconaPhrase.Phrase);","","exports.Tap = Tap;"],"l":{"4":1,"6":1,"8":1,"10":1,"12":1,"14":1,"16":1,"20":1,"22":1,"24":1,"26":1,"28":1,"30":1,"31":1,"33":1,"34":0,"36":0,"39":1,"42":0,"43":0,"45":0,"47":0,"49":0,"50":0,"51":0,"55":0,"59":0,"66":0,"68":0,"78":1,"81":1}},"/home/travis/build/npmtest/node-npmtest-lacona/node_modules/lacona/lib/source-manager.js":{"path":"/home/travis/build/npmtest/node-npmtest-lacona/node_modules/lacona/lib/source-manager.js","s":{"1":1,"2":1,"3":1,"4":1,"5":1,"6":1,"7":1,"8":1,"9":1,"10":0,"11":0,"12":0,"13":0,"14":0,"15":0,"16":0,"17":1,"18":0,"19":0,"20":0,"21":0,"22":0,"23":0,"24":0,"25":0,"26":0,"27":0,"28":0,"29":0,"30":0,"31":0,"32":0,"33":0,"34":0,"35":0,"36":0,"37":0,"38":0,"39":0,"40":0,"41":0,"42":0,"43":0,"44":0,"45":0,"46":0,"47":0,"48":0,"49":0,"50":0,"51":0,"52":0,"53":0,"54":0,"55":0,"56":0,"57":0,"58":0,"59":0,"60":0,"61":0,"62":0,"63":0,"64":0,"65":1,"66":1,"67":1},"b":{"1":[0,0],"2":[0,0],"3":[0,0],"4":[0,0],"5":[0,0],"6":[0,0],"7":[0,0],"8":[0,0]},"f":{"1":1,"2":0,"3":0,"4":0,"5":0,"6":0,"7":0,"8":0,"9":0,"10":0,"11":0,"12":0,"13":0,"14":0,"15":0,"16":0,"17":0,"18":0,"19":0},"fnMap":{"1":{"name":"(anonymous_1)","line":19,"loc":{"start":{"line":19,"column":21},"end":{"line":19,"column":33}}},"2":{"name":"SourceManager","line":20,"loc":{"start":{"line":20,"column":2},"end":{"line":20,"column":31}}},"3":{"name":"(anonymous_3)","line":22,"loc":{"start":{"line":22,"column":45},"end":{"line":22,"column":57}}},"4":{"name":"_triggerSourceUpdate","line":34,"loc":{"start":{"line":34,"column":11},"end":{"line":34,"column":51}}},"5":{"name":"(anonymous_5)","line":35,"loc":{"start":{"line":35,"column":52},"end":{"line":35,"column":78}}},"6":{"name":"_createSource","line":45,"loc":{"start":{"line":45,"column":11},"end":{"line":45,"column":46}}},"7":{"name":"(anonymous_7)","line":56,"loc":{"start":{"line":56,"column":25},"end":{"line":56,"column":44}}},"8":{"name":"_destroySource","line":76,"loc":{"start":{"line":76,"column":11},"end":{"line":76,"column":43}}},"9":{"name":"(anonymous_9)","line":80,"loc":{"start":{"line":80,"column":66},"end":{"line":80,"column":87}}},"10":{"name":"subscribe","line":87,"loc":{"start":{"line":87,"column":11},"end":{"line":87,"column":42}}},"11":{"name":"(anonymous_11)","line":88,"loc":{"start":{"line":88,"column":73},"end":{"line":88,"column":91}}},"12":{"name":"unsubscribe","line":105,"loc":{"start":{"line":105,"column":11},"end":{"line":105,"column":40}}},"13":{"name":"getDataVersion","line":113,"loc":{"start":{"line":113,"column":11},"end":{"line":113,"column":43}}},"14":{"name":"activate","line":118,"loc":{"start":{"line":118,"column":11},"end":{"line":118,"column":31}}},"15":{"name":"(anonymous_15)","line":119,"loc":{"start":{"line":119,"column":57},"end":{"line":119,"column":75}}},"16":{"name":"(anonymous_16)","line":121,"loc":{"start":{"line":121,"column":17},"end":{"line":121,"column":35}}},"17":{"name":"deactivate","line":127,"loc":{"start":{"line":127,"column":11},"end":{"line":127,"column":33}}},"18":{"name":"(anonymous_18)","line":128,"loc":{"start":{"line":128,"column":57},"end":{"line":128,"column":75}}},"19":{"name":"(anonymous_19)","line":130,"loc":{"start":{"line":130,"column":17},"end":{"line":130,"column":35}}}},"statementMap":{"1":{"start":{"line":3,"column":0},"end":{"line":3,"column":76}},"2":{"start":{"line":5,"column":0},"end":{"line":5,"column":83}},"3":{"start":{"line":7,"column":0},"end":{"line":7,"column":97}},"4":{"start":{"line":9,"column":0},"end":{"line":11,"column":3}},"5":{"start":{"line":13,"column":0},"end":{"line":13,"column":32}},"6":{"start":{"line":15,"column":0},"end":{"line":15,"column":47}},"7":{"start":{"line":17,"column":0},"end":{"line":17,"column":40}},"8":{"start":{"line":19,"column":0},"end":{"line":137,"column":5}},"9":{"start":{"line":20,"column":2},"end":{"line":30,"column":3}},"10":{"start":{"line":21,"column":4},"end":{"line":21,"column":34}},"11":{"start":{"line":22,"column":4},"end":{"line":22,"column":74}},"12":{"start":{"line":24,"column":4},"end":{"line":24,"column":41}},"13":{"start":{"line":26,"column":4},"end":{"line":26,"column":26}},"14":{"start":{"line":27,"column":4},"end":{"line":27,"column":28}},"15":{"start":{"line":28,"column":4},"end":{"line":28,"column":25}},"16":{"start":{"line":29,"column":4},"end":{"line":29,"column":24}},"17":{"start":{"line":32,"column":2},"end":{"line":134,"column":6}},"18":{"start":{"line":35,"column":6},"end":{"line":39,"column":9}},"19":{"start":{"line":36,"column":8},"end":{"line":38,"column":9}},"20":{"start":{"line":37,"column":10},"end":{"line":37,"column":83}},"21":{"start":{"line":37,"column":48},"end":{"line":37,"column":83}},"22":{"start":{"line":40,"column":6},"end":{"line":40,"column":31}},"23":{"start":{"line":41,"column":6},"end":{"line":41,"column":20}},"24":{"start":{"line":46,"column":6},"end":{"line":46,"column":23}},"25":{"start":{"line":48,"column":6},"end":{"line":48,"column":112}},"26":{"start":{"line":49,"column":6},"end":{"line":49,"column":112}},"27":{"start":{"line":50,"column":6},"end":{"line":50,"column":93}},"28":{"start":{"line":52,"column":6},"end":{"line":52,"column":33}},"29":{"start":{"line":53,"column":6},"end":{"line":53,"column":37}},"30":{"start":{"line":54,"column":6},"end":{"line":54,"column":35}},"31":{"start":{"line":56,"column":6},"end":{"line":62,"column":8}},"32":{"start":{"line":58,"column":8},"end":{"line":58,"column":32}},"33":{"start":{"line":59,"column":8},"end":{"line":61,"column":9}},"34":{"start":{"line":60,"column":10},"end":{"line":60,"column":47}},"35":{"start":{"line":64,"column":6},"end":{"line":64,"column":91}},"36":{"start":{"line":66,"column":6},"end":{"line":66,"column":76}},"37":{"start":{"line":68,"column":6},"end":{"line":68,"column":49}},"38":{"start":{"line":68,"column":29},"end":{"line":68,"column":49}},"39":{"start":{"line":70,"column":6},"end":{"line":70,"column":36}},"40":{"start":{"line":72,"column":6},"end":{"line":72,"column":22}},"41":{"start":{"line":77,"column":6},"end":{"line":77,"column":47}},"42":{"start":{"line":77,"column":28},"end":{"line":77,"column":47}},"43":{"start":{"line":78,"column":6},"end":{"line":78,"column":92}},"44":{"start":{"line":80,"column":6},"end":{"line":82,"column":9}},"45":{"start":{"line":81,"column":8},"end":{"line":81,"column":45}},"46":{"start":{"line":83,"column":6},"end":{"line":83,"column":40}},"47":{"start":{"line":88,"column":6},"end":{"line":90,"column":9}},"48":{"start":{"line":89,"column":8},"end":{"line":89,"column":74}},"49":{"start":{"line":92,"column":6},"end":{"line":92,"column":29}},"50":{"start":{"line":93,"column":6},"end":{"line":97,"column":7}},"51":{"start":{"line":94,"column":8},"end":{"line":94,"column":44}},"52":{"start":{"line":96,"column":8},"end":{"line":96,"column":48}},"53":{"start":{"line":99,"column":6},"end":{"line":99,"column":33}},"54":{"start":{"line":101,"column":6},"end":{"line":101,"column":20}},"55":{"start":{"line":106,"column":6},"end":{"line":106,"column":33}},"56":{"start":{"line":107,"column":6},"end":{"line":109,"column":7}},"57":{"start":{"line":108,"column":8},"end":{"line":108,"column":36}},"58":{"start":{"line":114,"column":6},"end":{"line":114,"column":34}},"59":{"start":{"line":119,"column":6},"end":{"line":123,"column":17}},"60":{"start":{"line":120,"column":8},"end":{"line":120,"column":42}},"61":{"start":{"line":122,"column":8},"end":{"line":122,"column":44}},"62":{"start":{"line":128,"column":6},"end":{"line":132,"column":17}},"63":{"start":{"line":129,"column":8},"end":{"line":129,"column":44}},"64":{"start":{"line":131,"column":8},"end":{"line":131,"column":46}},"65":{"start":{"line":136,"column":2},"end":{"line":136,"column":23}},"66":{"start":{"line":139,"column":0},"end":{"line":139,"column":35}},"67":{"start":{"line":140,"column":0},"end":{"line":140,"column":36}}},"branchMap":{"1":{"line":22,"type":"cond-expr","locations":[{"start":{"line":22,"column":45},"end":{"line":22,"column":59}},{"start":{"line":22,"column":62},"end":{"line":22,"column":73}}]},"2":{"line":36,"type":"if","locations":[{"start":{"line":36,"column":8},"end":{"line":36,"column":8}},{"start":{"line":36,"column":8},"end":{"line":36,"column":8}}]},"3":{"line":37,"type":"if","locations":[{"start":{"line":37,"column":10},"end":{"line":37,"column":10}},{"start":{"line":37,"column":10},"end":{"line":37,"column":10}}]},"4":{"line":59,"type":"if","locations":[{"start":{"line":59,"column":8},"end":{"line":59,"column":8}},{"start":{"line":59,"column":8},"end":{"line":59,"column":8}}]},"5":{"line":68,"type":"if","locations":[{"start":{"line":68,"column":6},"end":{"line":68,"column":6}},{"start":{"line":68,"column":6},"end":{"line":68,"column":6}}]},"6":{"line":77,"type":"if","locations":[{"start":{"line":77,"column":6},"end":{"line":77,"column":6}},{"start":{"line":77,"column":6},"end":{"line":77,"column":6}}]},"7":{"line":93,"type":"if","locations":[{"start":{"line":93,"column":6},"end":{"line":93,"column":6}},{"start":{"line":93,"column":6},"end":{"line":93,"column":6}}]},"8":{"line":107,"type":"if","locations":[{"start":{"line":107,"column":6},"end":{"line":107,"column":6}},{"start":{"line":107,"column":6},"end":{"line":107,"column":6}}]}},"code":["'use strict';","","var _createClass = require('babel-runtime/helpers/create-class')['default'];","","var _classCallCheck = require('babel-runtime/helpers/class-call-check')['default'];","","var _interopRequireDefault = require('babel-runtime/helpers/interop-require-default')['default'];","","Object.defineProperty(exports, '__esModule', {","  value: true","});","","var _lodash = require('lodash');","","var _lodash2 = _interopRequireDefault(_lodash);","","var _component = require('./component');","","var SourceManager = (function () {","  function SourceManager(_ref) {","    var _ref$update = _ref.update;","    var update = _ref$update === undefined ? function () {} : _ref$update;","","    _classCallCheck(this, SourceManager);","","    this._sourceMaps = [];","    this._fetchObjects = [];","    this.update = update;","    this.existCount = 0;","  }","","  _createClass(SourceManager, [{","    key: '_triggerSourceUpdate',","    value: function _triggerSourceUpdate(instance) {","      _lodash2['default'].forEach(this._sourceMaps, function (existingSource) {","        if (existingSource.instance.source === instance) {","          if (existingSource.instance.onUpdate) existingSource.instance.onUpdate();","        }","      });","      instance.__dataVersion++;","      this.update();","    }","  }, {","    key: '_createSource',","    value: function _createSource(descriptor) {","      var _this = this;","","      var Constructor = (0, _component.getConstructor)({ Constructor: descriptor.Constructor, type: 'source' });","      var props = (0, _component.getRealProps)({ descriptor: descriptor, Constructor: descriptor.Constructor });","      var instance = (0, _component.instantiate)({ Constructor: Constructor, props: props });","","      instance.__dataVersion = 0;","      instance.__subscriberCount = 0;","      instance.__isCreating = true;","","      instance.setData = function (newData) {","        // setData during onCreate() doesn't trigger source Update","        instance.data = newData;","        if (!instance.__isCreating) {","          _this._triggerSourceUpdate(instance);","        }","      };","","      (0, _component.addSource)({ component: instance, options: { sourceManager: this } });","","      this._sourceMaps.push({ instance: instance, descriptor: descriptor });","","      if (instance.onCreate) instance.onCreate();","","      instance.__isCreating = false;","","      return instance;","    }","  }, {","    key: '_destroySource',","    value: function _destroySource(source) {","      if (source.onDestroy) source.onDestroy();","      (0, _component.removeSource)({ component: source, options: { sourceManager: this } });","","      var index = _lodash2['default'].findIndex(this._sourceMaps, function (sourceMap) {","        return source === sourceMap.instance;","      });","      this._sourceMaps.splice(index, 1);","    }","  }, {","    key: 'subscribe',","    value: function subscribe(descriptor) {","      var possibleSourceMap = _lodash2['default'].find(this._sourceMaps, function (source) {","        return _lodash2['default'].isEqual(descriptor, source.descriptor);","      });","","      var source = undefined;","      if (possibleSourceMap) {","        source = possibleSourceMap.instance;","      } else {","        source = this._createSource(descriptor);","      }","","      source.__subscriberCount++;","","      return source;","    }","  }, {","    key: 'unsubscribe',","    value: function unsubscribe(source) {","      source.__subscriberCount--;","      if (source.__subscriberCount === 0) {","        this._destroySource(source);","      }","    }","  }, {","    key: 'getDataVersion',","    value: function getDataVersion(source) {","      return source.__dataVersion;","    }","  }, {","    key: 'activate',","    value: function activate() {","      _lodash2['default'].chain(this._sourceMaps).filter(function (source) {","        return source.instance.onActivate;","      }).forEach(function (source) {","        return source.instance.onActivate();","      }).value();","    }","  }, {","    key: 'deactivate',","    value: function deactivate() {","      _lodash2['default'].chain(this._sourceMaps).filter(function (source) {","        return source.instance.onDeactivate;","      }).forEach(function (source) {","        return source.instance.onDeactivate();","      }).value();","    }","  }]);","","  return SourceManager;","})();","","exports['default'] = SourceManager;","module.exports = exports['default'];"],"l":{"3":1,"5":1,"7":1,"9":1,"13":1,"15":1,"17":1,"19":1,"20":1,"21":0,"22":0,"24":0,"26":0,"27":0,"28":0,"29":0,"32":1,"35":0,"36":0,"37":0,"40":0,"41":0,"46":0,"48":0,"49":0,"50":0,"52":0,"53":0,"54":0,"56":0,"58":0,"59":0,"60":0,"64":0,"66":0,"68":0,"70":0,"72":0,"77":0,"78":0,"80":0,"81":0,"83":0,"88":0,"89":0,"92":0,"93":0,"94":0,"96":0,"99":0,"101":0,"106":0,"107":0,"108":0,"114":0,"119":0,"120":0,"122":0,"128":0,"129":0,"131":0,"136":1,"139":1,"140":1}}}